[21:33:42] [main/INFO]: Environment: authHost='https://authserver.mojang.com', accountsHost='https://api.mojang.com', sessionHost='https://sessionserver.mojang.com', servicesHost='https://api.minecraftservices.com', name='PROD'
[21:33:43] [main/INFO]: Reloading ResourceManager: Default, bukkit
[21:33:45] [Worker-Main-1/INFO]: Loaded 7 recipes
[21:33:47] [Server thread/INFO]: Starting minecraft server version 1.16.5
[21:33:47] [Server thread/INFO]: Loading properties
[21:33:48] [Server thread/INFO]: This server is running Paper version git-Paper-794 (MC: 1.16.5) (Implementing API version 1.16.5-R0.1-SNAPSHOT)
[21:33:48] [Server thread/INFO]: Debug logging is disabled
[21:33:48] [Server thread/INFO]: Using 4 threads for Netty based IO
[21:33:48] [Server thread/INFO]: Server Ping Player Sample Count: 12
[21:33:48] [Server thread/INFO]: Default game type: SURVIVAL
[21:33:48] [Server thread/INFO]: Generating keypair
[21:33:48] [Server thread/INFO]: Starting Minecraft server on *:25565
[21:33:48] [Server thread/INFO]: Using epoll channel type
[21:33:50] [Server thread/INFO]: [InstantRestock] Loading InstantRestock v2.5.1
[21:33:50] [Server thread/INFO]: [SkinsRestorer] Loading SkinsRestorer v15.6.2
[21:33:50] [Server thread/INFO]: Server permissions file permissions.yml is empty, ignoring it
[21:33:50] [Server thread/INFO]: [SkinsRestorer] Enabling SkinsRestorer v15.6.2
[21:33:51] [Server thread/WARN]: [33;1m[[32;22mSkinsRestorer[33;1m] [0;39m[33;1mYou must agree to the rules at 'commands.perSkinPermissionsConsent' in the config to use per skin permissions.[0;39m
[21:33:52] [Server thread/INFO]: [33;1m[[32;22mSkinsRestorer[33;1m] [0;39m[32;1mRunning on Minecraft [33;1m1.16.5[32;1m.[0;39m
[21:33:53] [Server thread/INFO]: [33;1m[[32;22mSkinsRestorer[33;1m] [0;39mUsing paper join listener![0;39m
[21:33:53] [Server thread/WARN]: [33;1m[[32;22mSkinsRestorer[33;1m] [0;39m[33;1m[33;1mYou are running an outdated Java version, please update it to at least Java 21 (your version is 11).[0;39m
[21:33:53] [Server thread/WARN]: [33;1m[[32;22mSkinsRestorer[33;1m] [0;39m[33;1m[33;1mSkinsRestorer no longer officially supports this version of Java, you are currently using an unsupported compatibility build.[0;39m
[21:33:53] [Server thread/WARN]: [33;1m[[32;22mSkinsRestorer[33;1m] [0;39m[33;1m[33;1mYou can still use the plugin, but you may encounter issues that are not present in newer versions of Java.[0;39m
[21:33:53] [Server thread/WARN]: **** SERVER IS RUNNING IN OFFLINE/INSECURE MODE!
[21:33:53] [Server thread/WARN]: The server will make no attempt to authenticate usernames. Beware.
[21:33:53] [Server thread/WARN]: While this makes the game possible to play without internet access, it also opens up the ability for hackers to connect with any username they choose.
[21:33:53] [Server thread/WARN]: To change this, set "online-mode" to "true" in the server.properties file.
[21:33:53] [Server thread/INFO]: Preparing level "world"
[21:33:54] [Server thread/INFO]: Preparing start region for dimension minecraft:overworld
[21:33:54] [Server thread/INFO]: Preparing spawn area: 0%
[21:33:54] [Server thread/INFO]: Preparing spawn area: 0%
[21:33:54] [Server thread/INFO]: Time elapsed: 723 ms
[21:33:54] [Server thread/INFO]: Preparing start region for dimension minecraft:the_nether
[21:33:55] [Server thread/INFO]: Time elapsed: 398 ms
[21:33:55] [Server thread/INFO]: Preparing start region for dimension minecraft:the_end
[21:33:55] [Server thread/INFO]: Time elapsed: 133 ms
[21:33:55] [Server thread/INFO]: [InstantRestock] Enabling InstantRestock v2.5.1
[21:33:57] [Server thread/INFO]: [InfiniteVillagerTrades] Enabled InstantRestock!
[21:33:57] [Server thread/INFO]: Running delayed init tasks
[21:33:57] [Server thread/INFO]: Done (9.351s)! For help, type "help"
[21:33:57] [Server thread/WARN]: [io.papermc.paper.util.PaperJvmChecker] ************************************************************
[21:33:57] [Server thread/WARN]: [io.papermc.paper.util.PaperJvmChecker] * WARNING - YOU ARE RUNNING AN OUTDATED VERSION OF JAVA.
[21:33:57] [Server thread/WARN]: [io.papermc.paper.util.PaperJvmChecker] * PAPER WILL STOP BEING COMPATIBLE WITH THIS VERSION OF
[21:33:57] [Server thread/WARN]: [io.papermc.paper.util.PaperJvmChecker] * JAVA WHEN MINECRAFT 1.17 IS RELEASED.
[21:33:57] [Server thread/WARN]: [io.papermc.paper.util.PaperJvmChecker] *
[21:33:57] [Server thread/WARN]: [io.papermc.paper.util.PaperJvmChecker] * Please update the version of Java you use to run Paper
[21:33:57] [Server thread/WARN]: [io.papermc.paper.util.PaperJvmChecker] * to at least Java 16. When Paper for Minecraft 1.17 is
[21:33:57] [Server thread/WARN]: [io.papermc.paper.util.PaperJvmChecker] * released support for versions of Java before 16 will
[21:33:57] [Server thread/WARN]: [io.papermc.paper.util.PaperJvmChecker] * be dropped.
[21:33:57] [Server thread/WARN]: [io.papermc.paper.util.PaperJvmChecker] *
[21:33:57] [Server thread/WARN]: [io.papermc.paper.util.PaperJvmChecker] * Current Java version: 11.0.26
[21:33:57] [Server thread/WARN]: [io.papermc.paper.util.PaperJvmChecker] *
[21:33:57] [Server thread/WARN]: [io.papermc.paper.util.PaperJvmChecker] * Check this forum post for more information: 
[21:33:57] [Server thread/WARN]: [io.papermc.paper.util.PaperJvmChecker] *   https://papermc.io/java16
[21:33:57] [Server thread/WARN]: [io.papermc.paper.util.PaperJvmChecker] ************************************************************
[21:33:57] [Server thread/INFO]: Timings Reset
[21:34:01] [Craft Scheduler Thread - 2/INFO]: [33;1m[[32;22mSkinsRestorer[33;1m] [0;39m[32;1m----------------------------------------------[0;39m
[21:34:01] [Craft Scheduler Thread - 2/INFO]: [33;1m[[32;22mSkinsRestorer[33;1m] [0;39m[32;1m    +==================+[0;39m
[21:34:01] [Craft Scheduler Thread - 2/INFO]: [33;1m[[32;22mSkinsRestorer[33;1m] [0;39m[32;1m    |   SkinsRestorer  |[0;39m
[21:34:01] [Craft Scheduler Thread - 2/INFO]: [33;1m[[32;22mSkinsRestorer[33;1m] [0;39m[32;1m    |------------------|[0;39m
[21:34:01] [Craft Scheduler Thread - 2/INFO]: [33;1m[[32;22mSkinsRestorer[33;1m] [0;39m[32;1m    |  [34;1m[4m[21mStandalone Mode[0;39m[32;1m |[0;39m
[21:34:01] [Craft Scheduler Thread - 2/INFO]: [33;1m[[32;22mSkinsRestorer[33;1m] [0;39m[32;1m    +==================+[0;39m
[21:34:01] [Craft Scheduler Thread - 2/INFO]: [33;1m[[32;22mSkinsRestorer[33;1m] [0;39m[32;1m----------------------------------------------[0;39m
[21:34:01] [Craft Scheduler Thread - 2/INFO]: [33;1m[[32;22mSkinsRestorer[33;1m] [0;39m[36;1m    Version: [32;1m15.6.2[0;39m
[21:34:01] [Craft Scheduler Thread - 2/INFO]: [33;1m[[32;22mSkinsRestorer[33;1m] [0;39m[36;1m    Commit: [32;1m7bda5de[0;39m
[21:34:01] [Craft Scheduler Thread - 2/INFO]: [33;1m[[32;22mSkinsRestorer[33;1m] [0;39m[32;1m    This is the latest version![0;39m
[21:34:01] [Craft Scheduler Thread - 2/INFO]: [33;1m[[32;22mSkinsRestorer[33;1m] [0;39m[32;1m----------------------------------------------[0;39m
[21:34:01] [Craft Scheduler Thread - 2/INFO]: [33;1m[[32;22mSkinsRestorer[33;1m] [0;39m[34;1mDo you have issues? Read our troubleshooting guide: [33;1mhttps://skinsrestorer.net/docs/troubleshooting[0;39m
[21:34:01] [Craft Scheduler Thread - 2/INFO]: [33;1m[[32;22mSkinsRestorer[33;1m] [0;39m[34;1mWant to support SkinsRestorer? Consider donating: [33;1mhttps://skinsrestorer.net/donate[0;39m
[21:34:03] [User Authenticator #1/INFO]: UUID of player GHOST2026YT is 05c6c3dd-90ee-3130-9153-059a26c6f6aa
[21:34:09] [Server thread/WARN]: Can't keep up! Is the server overloaded? Running 5738ms or 114 ticks behind
[21:34:22] [Server thread/INFO]: [USU] GHOST2026YT joined the game
[21:34:22] [Server thread/INFO]: GHOST2026YT[/127.204.12.108:49931] logged in with entity id 51 at ([world]-353.5944282839277, 64.0, 169.23210335967548)
[21:39:15] [Server thread/INFO]: GHOST2026YT issued server command: /skin history GHOST2026YT
[21:47:37] [Server thread/INFO]: There are 1 of a max of 20 players online: [USU] GHOST2026YT
[21:51:32] [Server thread/INFO]: Villager EntityVillager['Cleric'/100, uuid='3f23a166-ab0e-4f90-a204-80a432b83b18', l='ServerLevel[world]', x=-299.61, y=63.00, z=245.39, cx=-19, cz=15, tl=25246, v=true, d=false] died, message: 'Cleric was slain by Husk'
