[15:40:56] [main/INFO] ========================================
[15:40:56] [main/INFO] Minecraft: 1.21.5
[15:40:56] [main/INFO] Side: server
[15:40:56] [main/INFO] Development: false
[15:40:56] [main/INFO] Version: 19.0.806
[15:40:56] [main/INFO] Loader:
[15:40:56] [main/INFO] - Fabric: 0.16.13
[15:40:56] [main/INFO] - Fabric API: 0.120.0+1.21.5
[15:40:56] [main/INFO] Dependencies:
[15:40:56] [main/INFO] - Cloth Config: 18.0.145
[15:40:56] [main/INFO] - Architectury: 16.1.4
[15:40:56] [main/INFO] Mixin: 0.8.7
[15:40:56] [main/INFO] OS: Linux 6.8.0-1021-azure (amd64)
[15:40:56] [main/INFO] Java: 21.0.6 (Ubuntu)
[15:40:56] [main/INFO] ========================================
[15:40:56] [main/INFO] Mods:
[15:40:56] [main/INFO] - alternate-current: 1.9.0
[15:40:56] [main/INFO] - architectury: 16.1.4
[15:40:56] [main/INFO] - c2me: 0.3.3+alpha.0.2+1.21.5
[15:40:56] [main/INFO] - c2me-base: 0.3.3+alpha.0.2+1.21.5
[15:40:56] [main/INFO] - c2me-fixes-chunkio-threading-issues: 0.3.3+alpha.0.2+1.21.5
[15:40:56] [main/INFO] - c2me-fixes-general-threading-issues: 0.3.3+alpha.0.2+1.21.5
[15:40:56] [main/INFO] - c2me-fixes-worldgen-threading-issues: 0.3.3+alpha.0.2+1.21.5
[15:40:56] [main/INFO] - c2me-fixes-worldgen-vanilla-bugs: 0.3.3+alpha.0.2+1.21.5
[15:40:56] [main/INFO] - c2me-notickvd: 0.3.3+alpha.0.2+1.21.5
[15:40:56] [main/INFO] - c2me-opts-allocs: 0.3.3+alpha.0.2+1.21.5
[15:40:56] [main/INFO] - c2me-opts-chunkio: 0.3.3+alpha.0.2+1.21.5
[15:40:56] [main/INFO] - c2me-opts-dfc: 0.3.3+alpha.0.2+1.21.5
[15:40:56] [main/INFO] - c2me-opts-math: 0.3.3+alpha.0.2+1.21.5
[15:40:56] [main/INFO] - c2me-opts-scheduling: 0.3.3+alpha.0.2+1.21.5
[15:40:56] [main/INFO] - c2me-opts-worldgen-general: 0.3.3+alpha.0.2+1.21.5
[15:40:56] [main/INFO] - c2me-opts-worldgen-vanilla: 0.3.3+alpha.0.2+1.21.5
[15:40:56] [main/INFO] - c2me-rewrites-chunk-serializer: 0.3.3+alpha.0.2+1.21.5
[15:40:56] [main/INFO] - c2me-rewrites-chunk-system: 0.3.3+alpha.0.2+1.21.5
[15:40:56] [main/INFO] - c2me-rewrites-chunkio: 0.3.3+alpha.0.2+1.21.5
[15:40:56] [main/INFO] - c2me-server-utils: 0.3.3+alpha.0.2+1.21.5
[15:40:56] [main/INFO] - c2me-threading-lighting: 0.3.3+alpha.0.2+1.21.5
[15:40:56] [main/INFO] - cloth-basic-math: 0.6.1
[15:40:56] [main/INFO] - cloth-config: 18.0.145
[15:40:56] [main/INFO] - cloth-config: 18.0.145
[15:40:56] [main/INFO] - clumps: 23.0.0.1
[15:40:56] [main/INFO] - collective: 8.2
[15:40:56] [main/INFO] - com_electronwill_night-config_core: 3.6.5
[15:40:56] [main/INFO] - com_electronwill_night-config_toml: 3.6.5
[15:40:56] [main/INFO] - com_ibm_async_asyncutil: 0.1.0
[15:40:56] [main/INFO] - com_velocitypowered_velocity-native: 3.4.0-SNAPSHOT
[15:40:56] [main/INFO] - entityculling: 1.7.4
[15:40:56] [main/INFO] - error_notifier: 1.0.11
[15:40:56] [main/INFO] - fabric-api: 0.120.0+1.21.5
[15:40:56] [main/INFO] - fabric-api: 0.120.0+1.21.5
[15:40:56] [main/INFO] - fabric-api-base: 0.4.62+73a52b4b49
[15:40:56] [main/INFO] - fabric-api-lookup-api-v1: 1.6.95+86c3a9f149
[15:40:56] [main/INFO] - fabric-biome-api-v1: 16.0.7+2dd063df49
[15:40:56] [main/INFO] - fabric-block-api-v1: 1.0.37+86c3a9f149
[15:40:56] [main/INFO] - fabric-block-view-api-v2: 1.0.26+aa6d566c49
[15:40:56] [main/INFO] - fabric-command-api-v1: 1.2.70+f71b366f49
[15:40:56] [main/INFO] - fabric-command-api-v2: 2.2.49+73a52b4b49
[15:40:56] [main/INFO] - fabric-commands-v0: 0.2.87+df3654b349
[15:40:56] [main/INFO] - fabric-content-registries-v0: 10.0.12+3e6c1f7d49
[15:40:56] [main/INFO] - fabric-convention-tags-v1: 2.1.29+7f945d5b49
[15:40:56] [main/INFO] - fabric-convention-tags-v2: 2.14.3+fca633a049
[15:40:56] [main/INFO] - fabric-crash-report-info-v1: 0.3.12+86c3a9f149
[15:40:56] [main/INFO] - fabric-data-attachment-api-v1: 1.6.7+3e6c1f7d49
[15:40:56] [main/INFO] - fabric-data-generation-api-v1: 22.3.4+3e6c1f7d49
[15:40:56] [main/INFO] - fabric-dimensions-v1: 4.0.17+3e6c1f7d49
[15:40:56] [main/INFO] - fabric-entity-events-v1: 2.0.25+27c1078f49
[15:40:56] [main/INFO] - fabric-events-interaction-v0: 4.0.13+73a52b4b49
[15:40:56] [main/INFO] - fabric-game-rule-api-v1: 1.0.70+c327076a49
[15:40:56] [main/INFO] - fabric-item-api-v1: 11.3.2+2ccdb6ef49
[15:40:56] [main/INFO] - fabric-item-group-api-v1: 4.2.8+3459fc6149
[15:40:56] [main/INFO] - fabric-lifecycle-events-v1: 2.5.13+5cbce67349
[15:40:56] [main/INFO] - fabric-loot-api-v2: 3.0.47+3f89f5a549
[15:40:56] [main/INFO] - fabric-loot-api-v3: 1.0.35+86c3a9f149
[15:40:56] [main/INFO] - fabric-message-api-v1: 6.0.33+86c3a9f149
[15:40:56] [main/INFO] - fabric-networking-api-v1: 4.4.0+f3ffa98949
[15:40:56] [main/INFO] - fabric-object-builder-api-v1: 21.0.0+7b20cbb049
[15:40:56] [main/INFO] - fabric-particles-v1: 4.1.0+ab7a462349
[15:40:56] [main/INFO] - fabric-recipe-api-v1: 8.1.6+052a85d049
[15:40:56] [main/INFO] - fabric-registry-sync-v0: 6.1.20+b556383249
[15:40:56] [main/INFO] - fabric-rendering-data-attachment-v1: 0.3.64+73761d2e49
[15:40:56] [main/INFO] - fabric-rendering-fluids-v1: 3.1.27+86c3a9f149
[15:40:56] [main/INFO] - fabric-resource-conditions-api-v1: 5.0.21+73a52b4b49
[15:40:56] [main/INFO] - fabric-resource-loader-v0: 3.1.6+02ca679649
[15:40:56] [main/INFO] - fabric-screen-handler-api-v1: 1.3.127+c327076a49
[15:40:56] [main/INFO] - fabric-tag-api-v1: 1.0.16+ecf51cdc49
[15:40:56] [main/INFO] - fabric-transfer-api-v1: 5.4.23+7b20cbb049
[15:40:56] [main/INFO] - fabric-transitive-access-wideners-v1: 6.3.17+f17a180c49
[15:40:56] [main/INFO] - fabricloader: 0.16.13
[15:40:56] [main/INFO] - ferritecore: 8.0.0
[15:40:56] [main/INFO] - infinitetrading: 4.6
[15:40:56] [main/INFO] - io_reactivex_rxjava3_rxjava: 3.1.8
[15:40:56] [main/INFO] - java: 21
[15:40:56] [main/INFO] - krypton: 0.2.9
[15:40:56] [main/INFO] - lithium: 0.16.2+mc1.21.5
[15:40:56] [main/INFO] - minecraft: 1.21.5
[15:40:56] [main/INFO] - mixinextras: 0.4.1
[15:40:56] [main/INFO] - mixinsquared: 0.2.0-beta.6
[15:40:56] [main/INFO] - net_objecthunter_exp4j: 0.4.8
[15:40:56] [main/INFO] - nochatreports: 1.21.5-v2.12.0
[15:40:56] [main/INFO] - org_jctools_jctools-core: 4.0.5
[15:40:56] [main/INFO] - org_mineskin_java-client: 3.0.1-SNAPSHOT
[15:40:56] [main/INFO] - org_reactivestreams_reactive-streams: 1.0.4
[15:40:56] [main/INFO] - polymer-registry-sync-manipulator: 0.12.1+1.21.5-rc2
[15:40:56] [main/INFO] - roughlyenoughitems: 19.0.806
[15:40:56] [main/INFO] - skinrestorer: 2.3.0+1.21.5-fabric
[15:40:56] [main/INFO] - vcinteraction: 1.21.5-1.0.8
[15:40:56] [main/INFO] - voicechat: 1.21.5-2.5.29
[15:40:56] [main/INFO] ========================================
[15:40:56] [main/INFO] [REI] Registered plugin provider DefaultPlugin [roughlyenoughitems] for REICommonPlugin
[15:40:56] [main/INFO] [REI] Registered plugin provider DefaultRuntimePlugin [roughlyenoughitems] for REICommonPlugin
[15:40:56] [main/INFO] [REI] Registered plugin provider FabricFluidAPISupportPlugin for REICommonPlugin
[15:40:58] [main/DEBUG] [REI] Processed 308 tags in 7.127 ms for minecraft:block
[15:40:58] [main/DEBUG] [REI] Processed 5 tags in 51.37 μs for minecraft:fluid
[15:40:58] [main/DEBUG] [REI] Processed 5 tags in 68.28 μs for minecraft:game_event
[15:40:58] [main/DEBUG] [REI] Processed 41 tags in 138.0 μs for minecraft:entity_type
[15:40:58] [main/DEBUG] [REI] Processed 3 tags in 61.62 μs for minecraft:point_of_interest_type
[15:40:58] [main/DEBUG] [REI] Processed 449 tags in 3.318 ms for minecraft:item
[15:41:23] [Server thread/DEBUG] [REI] Starting Reload Plugins of stage null
java.lang.Throwable
	at knot//me.shedaniel.rei.impl.common.plugins.ReloadManagerImpl.reloadPlugins(ReloadManagerImpl.java:110)
	at knot//me.shedaniel.rei.RoughlyEnoughItemsCore.lambda$onInitialize$5(RoughlyEnoughItemsCore.java:157)
	at knot//dev.architectury.event.fabric.EventHandlerImpl.lambda$registerCommon$10(EventHandlerImpl.java:67)
	at knot//net.fabricmc.fabric.api.event.lifecycle.v1.ServerLifecycleEvents.lambda$static$2(ServerLifecycleEvents.java:49)
	at knot//net.minecraft.server.MinecraftServer.handler$zpa000$fabric-lifecycle-events-v1$afterSetupServer(MinecraftServer.java:3197)
	at knot//net.minecraft.server.MinecraftServer.method_29741(MinecraftServer.java:675)
	at knot//net.minecraft.server.MinecraftServer.method_29739(MinecraftServer.java:290)
	at java.base/java.lang.Thread.run(Thread.java:1583)
[15:41:23] [Server thread/DEBUG] [REI] ========================================
[15:41:23] [Server thread/DEBUG] [REI] REICommonPlugin starting pre-reload for START.
[15:41:23] [Server thread/DEBUG] [REI] Reloadables (8):
[15:41:23] [Server thread/DEBUG] [REI]  - SlotAccessorRegistryImpl
[15:41:23] [Server thread/DEBUG] [REI]  - EntryTypeRegistryImpl
[15:41:23] [Server thread/DEBUG] [REI]  - EntrySettingsAdapterRegistryImpl
[15:41:23] [Server thread/DEBUG] [REI]  - ItemComparatorRegistryImpl
[15:41:23] [Server thread/DEBUG] [REI]  - FluidComparatorRegistryImpl
[15:41:23] [Server thread/DEBUG] [REI]  - DisplaySerializerRegistryImpl
[15:41:23] [Server thread/DEBUG] [REI]  - ServerDisplayRegistryImpl
[15:41:23] [Server thread/DEBUG] [REI]  - FluidSupportProviderImpl
[15:41:23] [Server thread/DEBUG] [REI] Plugins (3):
[15:41:23] [Server thread/DEBUG] [REI]  - (-100.00) DefaultPlugin of DefaultPlugin [roughlyenoughitems]
[15:41:23] [Server thread/DEBUG] [REI]  - (0.00) FabricFluidAPISupportPlugin
[15:41:23] [Server thread/DEBUG] [REI]  - (0.00) DefaultRuntimePlugin of DefaultRuntimePlugin [roughlyenoughitems]
[15:41:23] [Server thread/DEBUG] [REI] ========================================
[15:41:23] [Server thread/TRACE] [REI] [REICommonPlugin START] Reloading Section: "pre-register/"
[15:41:23] [Server thread/TRACE] [REI] [REICommonPlugin START] Reloading Section: "pre-register/DefaultPlugin of DefaultPlugin [roughlyenoughitems]/"
[15:41:23] [Server thread/TRACE] [REI] [REICommonPlugin START] Reloading Section: "pre-register/DefaultPlugin of DefaultPlugin [roughlyenoughitems]/" done in 1.058 ms
[15:41:23] [Server thread/TRACE] [REI] [REICommonPlugin START] Reloading Section: "pre-register/FabricFluidAPISupportPlugin/"
[15:41:23] [Server thread/TRACE] [REI] [REICommonPlugin START] Reloading Section: "pre-register/FabricFluidAPISupportPlugin/" done in 138.1 μs
[15:41:23] [Server thread/TRACE] [REI] [REICommonPlugin START] Reloading Section: "pre-register/DefaultRuntimePlugin of DefaultRuntimePlugin [roughlyenoughitems]/"
[15:41:23] [Server thread/TRACE] [REI] [REICommonPlugin START] Reloading Section: "pre-register/DefaultRuntimePlugin of DefaultRuntimePlugin [roughlyenoughitems]/" done in 130.1 μs
[15:41:23] [Server thread/TRACE] [REI] [REICommonPlugin START] Reloading Section: "pre-register/" done in 10.62 ms
[15:41:23] [Server thread/TRACE] [REI] [REICommonPlugin START] Reloading Section: "pre-stage/"
[15:41:23] [Server thread/TRACE] [REI] [REICommonPlugin START] Reloading Section: "pre-stage/SlotAccessorRegistryImpl/"
[15:41:23] [Server thread/TRACE] [REI] [REICommonPlugin START] Reloading Section: "pre-stage/SlotAccessorRegistryImpl/" done in 334.4 μs
[15:41:23] [Server thread/TRACE] [REI] [REICommonPlugin START] Reloading Section: "pre-stage/EntryTypeRegistryImpl/"
[15:41:23] [Server thread/TRACE] [REI] [REICommonPlugin START] Reloading Section: "pre-stage/EntryTypeRegistryImpl/" done in 696.8 μs
[15:41:23] [Server thread/TRACE] [REI] [REICommonPlugin START] Reloading Section: "pre-stage/EntrySettingsAdapterRegistryImpl/"
[15:41:23] [Server thread/TRACE] [REI] [REICommonPlugin START] Reloading Section: "pre-stage/EntrySettingsAdapterRegistryImpl/" done in 207.7 μs
[15:41:23] [Server thread/TRACE] [REI] [REICommonPlugin START] Reloading Section: "pre-stage/ItemComparatorRegistryImpl/"
[15:41:23] [Server thread/TRACE] [REI] [REICommonPlugin START] Reloading Section: "pre-stage/ItemComparatorRegistryImpl/" done in 113.2 μs
[15:41:23] [Server thread/TRACE] [REI] [REICommonPlugin START] Reloading Section: "pre-stage/FluidComparatorRegistryImpl/"
[15:41:23] [Server thread/TRACE] [REI] [REICommonPlugin START] Reloading Section: "pre-stage/FluidComparatorRegistryImpl/" done in 234.0 μs
[15:41:23] [Server thread/TRACE] [REI] [REICommonPlugin START] Reloading Section: "pre-stage/DisplaySerializerRegistryImpl/"
[15:41:23] [Server thread/TRACE] [REI] [REICommonPlugin START] Reloading Section: "pre-stage/DisplaySerializerRegistryImpl/" done in 126.0 μs
[15:41:23] [Server thread/TRACE] [REI] [REICommonPlugin START] Reloading Section: "pre-stage/ServerDisplayRegistryImpl/"
[15:41:23] [Server thread/TRACE] [REI] [REICommonPlugin START] Reloading Section: "pre-stage/ServerDisplayRegistryImpl/" done in 204.8 μs
[15:41:23] [Server thread/TRACE] [REI] [REICommonPlugin START] Reloading Section: "pre-stage/FluidSupportProviderImpl/"
[15:41:23] [Server thread/TRACE] [REI] [REICommonPlugin START] Reloading Section: "pre-stage/FluidSupportProviderImpl/" done in 193.3 μs
[15:41:23] [Server thread/TRACE] [REI] [REICommonPlugin START] Reloading Section: "pre-stage/" done in 5.996 ms
[15:41:23] [Server thread/DEBUG] [REI] ========================================
[15:41:23] [Server thread/DEBUG] [REI] REICommonPlugin finished pre-reload for START in 17.34 ms.
[15:41:23] [Server thread/DEBUG] [REI] ========================================
[15:41:23] [Server thread/INFO] [REI] ----------------------------------------
[15:41:23] [Server thread/INFO] [REI] REICommonPlugin starting main-reload for START.
[15:41:23] [Server thread/DEBUG] [REI] Reloadables (8):
[15:41:23] [Server thread/DEBUG] [REI]  - SlotAccessorRegistryImpl
[15:41:23] [Server thread/DEBUG] [REI]  - EntryTypeRegistryImpl
[15:41:23] [Server thread/DEBUG] [REI]  - EntrySettingsAdapterRegistryImpl
[15:41:23] [Server thread/DEBUG] [REI]  - ItemComparatorRegistryImpl
[15:41:23] [Server thread/DEBUG] [REI]  - FluidComparatorRegistryImpl
[15:41:23] [Server thread/DEBUG] [REI]  - DisplaySerializerRegistryImpl
[15:41:23] [Server thread/DEBUG] [REI]  - ServerDisplayRegistryImpl
[15:41:23] [Server thread/DEBUG] [REI]  - FluidSupportProviderImpl
[15:41:23] [Server thread/INFO] [REI] Plugins (3):
[15:41:23] [Server thread/INFO] [REI]  - (-100.00) DefaultPlugin of DefaultPlugin [roughlyenoughitems]
[15:41:23] [Server thread/INFO] [REI]  - (0.00) FabricFluidAPISupportPlugin
[15:41:23] [Server thread/INFO] [REI]  - (0.00) DefaultRuntimePlugin of DefaultRuntimePlugin [roughlyenoughitems]
[15:41:23] [Server thread/INFO] [REI] ----------------------------------------
[15:41:23] [Server thread/TRACE] [REI] [REICommonPlugin START] Reloading Section: "start-reload/"
[15:41:23] [Server thread/TRACE] [REI] [REICommonPlugin START] Reloading Section: "start-reload/SlotAccessorRegistryImpl/"
[15:41:23] [Server thread/TRACE] [REI] [REICommonPlugin START] Reloading Section: "start-reload/SlotAccessorRegistryImpl/" done in 90.72 μs
[15:41:23] [Server thread/TRACE] [REI] [REICommonPlugin START] Reloading Section: "start-reload/EntryTypeRegistryImpl/"
[15:41:23] [Server thread/TRACE] [REI] [REICommonPlugin START] Reloading Section: "start-reload/EntryTypeRegistryImpl/" done in 90.63 μs
[15:41:23] [Server thread/TRACE] [REI] [REICommonPlugin START] Reloading Section: "start-reload/EntrySettingsAdapterRegistryImpl/"
[15:41:23] [Server thread/TRACE] [REI] [REICommonPlugin START] Reloading Section: "start-reload/EntrySettingsAdapterRegistryImpl/" done in 540.2 μs
[15:41:23] [Server thread/TRACE] [REI] [REICommonPlugin START] Reloading Section: "start-reload/ItemComparatorRegistryImpl/"
[15:41:23] [Server thread/TRACE] [REI] [REICommonPlugin START] Reloading Section: "start-reload/ItemComparatorRegistryImpl/" done in 143.8 μs
[15:41:23] [Server thread/TRACE] [REI] [REICommonPlugin START] Reloading Section: "start-reload/FluidComparatorRegistryImpl/"
[15:41:23] [Server thread/TRACE] [REI] [REICommonPlugin START] Reloading Section: "start-reload/FluidComparatorRegistryImpl/" done in 63.49 μs
[15:41:23] [Server thread/TRACE] [REI] [REICommonPlugin START] Reloading Section: "start-reload/DisplaySerializerRegistryImpl/"
[15:41:23] [Server thread/TRACE] [REI] [REICommonPlugin START] Reloading Section: "start-reload/DisplaySerializerRegistryImpl/" done in 227.4 μs
[15:41:23] [Server thread/TRACE] [REI] [REICommonPlugin START] Reloading Section: "start-reload/ServerDisplayRegistryImpl/"
[15:41:23] [Server thread/TRACE] [REI] [REICommonPlugin START] Reloading Section: "start-reload/ServerDisplayRegistryImpl/" done in 571.3 μs
[15:41:23] [Server thread/TRACE] [REI] [REICommonPlugin START] Reloading Section: "start-reload/FluidSupportProviderImpl/"
[15:41:23] [Server thread/TRACE] [REI] [REICommonPlugin START] Reloading Section: "start-reload/FluidSupportProviderImpl/" done in 74.80 μs
[15:41:23] [Server thread/TRACE] [REI] [REICommonPlugin START] Reloading Section: "start-reload/" done in 4.471 ms
[15:41:23] [Server thread/DEBUG] [REI] ========================================
[15:41:23] [Server thread/DEBUG] [REI] REICommonPlugin started main-reload for START.
[15:41:23] [Server thread/DEBUG] [REI] ========================================
[15:41:23] [Server thread/TRACE] [REI] [REICommonPlugin START] Reloading Section: "reloadable-plugin/SlotAccessorRegistryImpl/"
[15:41:23] [Server thread/TRACE] [REI] [REICommonPlugin START] Reloading Section: "reloadable-plugin/SlotAccessorRegistryImpl/DefaultPlugin of DefaultPlugin [roughlyenoughitems]/"
[15:41:23] [Server thread/TRACE] [REI] [REICommonPlugin START] Reloading Section: "reloadable-plugin/SlotAccessorRegistryImpl/DefaultPlugin of DefaultPlugin [roughlyenoughitems]/" done in 4.260 ms
[15:41:23] [Server thread/TRACE] [REI] [REICommonPlugin START] Reloading Section: "reloadable-plugin/SlotAccessorRegistryImpl/FabricFluidAPISupportPlugin/"
[15:41:23] [Server thread/TRACE] [REI] [REICommonPlugin START] Reloading Section: "reloadable-plugin/SlotAccessorRegistryImpl/FabricFluidAPISupportPlugin/" done in 149.2 μs
[15:41:23] [Server thread/TRACE] [REI] [REICommonPlugin START] Reloading Section: "reloadable-plugin/SlotAccessorRegistryImpl/DefaultRuntimePlugin of DefaultRuntimePlugin [roughlyenoughitems]/"
[15:41:23] [Server thread/TRACE] [REI] [REICommonPlugin START] Reloading Section: "reloadable-plugin/SlotAccessorRegistryImpl/DefaultRuntimePlugin of DefaultRuntimePlugin [roughlyenoughitems]/" done in 167.8 μs
[15:41:23] [Server thread/TRACE] [REI] [REICommonPlugin START] Reloading Section: "reloadable-plugin/SlotAccessorRegistryImpl/" done in 6.612 ms
[15:41:23] [Server thread/TRACE] [REI] [REICommonPlugin START] Reloading Section: "reloadable-plugin/EntryTypeRegistryImpl/"
[15:41:23] [Server thread/TRACE] [REI] [REICommonPlugin START] Reloading Section: "reloadable-plugin/EntryTypeRegistryImpl/DefaultPlugin of DefaultPlugin [roughlyenoughitems]/"
[15:41:23] [Server thread/TRACE] [REI] [REICommonPlugin START] Reloading Section: "reloadable-plugin/EntryTypeRegistryImpl/DefaultPlugin of DefaultPlugin [roughlyenoughitems]/" done in 171.1 μs
[15:41:23] [Server thread/TRACE] [REI] [REICommonPlugin START] Reloading Section: "reloadable-plugin/EntryTypeRegistryImpl/FabricFluidAPISupportPlugin/"
[15:41:23] [Server thread/TRACE] [REI] [REICommonPlugin START] Reloading Section: "reloadable-plugin/EntryTypeRegistryImpl/FabricFluidAPISupportPlugin/" done in 143.8 μs
[15:41:23] [Server thread/TRACE] [REI] [REICommonPlugin START] Reloading Section: "reloadable-plugin/EntryTypeRegistryImpl/DefaultRuntimePlugin of DefaultRuntimePlugin [roughlyenoughitems]/"
[15:41:23] [Server thread/TRACE] [REI] [REICommonPlugin START] Reloading Section: "reloadable-plugin/EntryTypeRegistryImpl/DefaultRuntimePlugin of DefaultRuntimePlugin [roughlyenoughitems]/" done in 7.068 ms
[15:41:23] [Server thread/TRACE] [REI] [REICommonPlugin START] Reloading Section: "reloadable-plugin/EntryTypeRegistryImpl/" done in 8.156 ms
[15:41:23] [Server thread/TRACE] [REI] [REICommonPlugin START] Reloading Section: "reloadable-plugin/EntrySettingsAdapterRegistryImpl/"
[15:41:23] [Server thread/TRACE] [REI] [REICommonPlugin START] Reloading Section: "reloadable-plugin/EntrySettingsAdapterRegistryImpl/DefaultPlugin of DefaultPlugin [roughlyenoughitems]/"
[15:41:23] [Server thread/TRACE] [REI] [REICommonPlugin START] Reloading Section: "reloadable-plugin/EntrySettingsAdapterRegistryImpl/DefaultPlugin of DefaultPlugin [roughlyenoughitems]/" done in 156.7 μs
[15:41:23] [Server thread/TRACE] [REI] [REICommonPlugin START] Reloading Section: "reloadable-plugin/EntrySettingsAdapterRegistryImpl/FabricFluidAPISupportPlugin/"
[15:41:23] [Server thread/TRACE] [REI] [REICommonPlugin START] Reloading Section: "reloadable-plugin/EntrySettingsAdapterRegistryImpl/FabricFluidAPISupportPlugin/" done in 132.1 μs
[15:41:23] [Server thread/TRACE] [REI] [REICommonPlugin START] Reloading Section: "reloadable-plugin/EntrySettingsAdapterRegistryImpl/DefaultRuntimePlugin of DefaultRuntimePlugin [roughlyenoughitems]/"
[15:41:23] [Server thread/TRACE] [REI] [REICommonPlugin START] Reloading Section: "reloadable-plugin/EntrySettingsAdapterRegistryImpl/DefaultRuntimePlugin of DefaultRuntimePlugin [roughlyenoughitems]/" done in 165.5 μs
[15:41:23] [Server thread/TRACE] [REI] [REICommonPlugin START] Reloading Section: "reloadable-plugin/EntrySettingsAdapterRegistryImpl/" done in 1.526 ms
[15:41:23] [Server thread/TRACE] [REI] [REICommonPlugin START] Reloading Section: "reloadable-plugin/ItemComparatorRegistryImpl/"
[15:41:23] [Server thread/TRACE] [REI] [REICommonPlugin START] Reloading Section: "reloadable-plugin/ItemComparatorRegistryImpl/DefaultPlugin of DefaultPlugin [roughlyenoughitems]/"
[15:41:23] [Server thread/TRACE] [REI] [REICommonPlugin START] Reloading Section: "reloadable-plugin/ItemComparatorRegistryImpl/DefaultPlugin of DefaultPlugin [roughlyenoughitems]/" done in 1.109 ms
[15:41:23] [Server thread/TRACE] [REI] [REICommonPlugin START] Reloading Section: "reloadable-plugin/ItemComparatorRegistryImpl/FabricFluidAPISupportPlugin/"
[15:41:23] [Server thread/TRACE] [REI] [REICommonPlugin START] Reloading Section: "reloadable-plugin/ItemComparatorRegistryImpl/FabricFluidAPISupportPlugin/" done in 135.6 μs
[15:41:23] [Server thread/TRACE] [REI] [REICommonPlugin START] Reloading Section: "reloadable-plugin/ItemComparatorRegistryImpl/DefaultRuntimePlugin of DefaultRuntimePlugin [roughlyenoughitems]/"
[15:41:23] [Server thread/TRACE] [REI] [REICommonPlugin START] Reloading Section: "reloadable-plugin/ItemComparatorRegistryImpl/DefaultRuntimePlugin of DefaultRuntimePlugin [roughlyenoughitems]/" done in 348.5 μs
[15:41:23] [Server thread/TRACE] [REI] [REICommonPlugin START] Reloading Section: "reloadable-plugin/ItemComparatorRegistryImpl/" done in 2.361 ms
[15:41:23] [Server thread/TRACE] [REI] [REICommonPlugin START] Reloading Section: "reloadable-plugin/FluidComparatorRegistryImpl/"
[15:41:23] [Server thread/TRACE] [REI] [REICommonPlugin START] Reloading Section: "reloadable-plugin/FluidComparatorRegistryImpl/DefaultPlugin of DefaultPlugin [roughlyenoughitems]/"
[15:41:23] [Server thread/TRACE] [REI] [REICommonPlugin START] Reloading Section: "reloadable-plugin/FluidComparatorRegistryImpl/DefaultPlugin of DefaultPlugin [roughlyenoughitems]/" done in 165.6 μs
[15:41:23] [Server thread/TRACE] [REI] [REICommonPlugin START] Reloading Section: "reloadable-plugin/FluidComparatorRegistryImpl/FabricFluidAPISupportPlugin/"
[15:41:23] [Server thread/TRACE] [REI] [REICommonPlugin START] Reloading Section: "reloadable-plugin/FluidComparatorRegistryImpl/FabricFluidAPISupportPlugin/" done in 101.6 μs
[15:41:23] [Server thread/TRACE] [REI] [REICommonPlugin START] Reloading Section: "reloadable-plugin/FluidComparatorRegistryImpl/DefaultRuntimePlugin of DefaultRuntimePlugin [roughlyenoughitems]/"
[15:41:23] [Server thread/TRACE] [REI] [REICommonPlugin START] Reloading Section: "reloadable-plugin/FluidComparatorRegistryImpl/DefaultRuntimePlugin of DefaultRuntimePlugin [roughlyenoughitems]/" done in 164.3 μs
[15:41:23] [Server thread/TRACE] [REI] [REICommonPlugin START] Reloading Section: "reloadable-plugin/FluidComparatorRegistryImpl/" done in 1.912 ms
[15:41:23] [Server thread/TRACE] [REI] [REICommonPlugin START] Reloading Section: "reloadable-plugin/DisplaySerializerRegistryImpl/"
[15:41:23] [Server thread/TRACE] [REI] [REICommonPlugin START] Reloading Section: "reloadable-plugin/DisplaySerializerRegistryImpl/DefaultPlugin of DefaultPlugin [roughlyenoughitems]/"
[15:41:23] [Server thread/DEBUG] [REI] Added display serializer [minecraft:client/crafting/shaped] me.shedaniel.rei.api.common.display.DisplaySerializer$1@245002f6
[15:41:23] [Server thread/DEBUG] [REI] Added display serializer [minecraft:client/crafting/shapeless] me.shedaniel.rei.api.common.display.DisplaySerializer$1@2a644fd1
[15:41:23] [Server thread/DEBUG] [REI] Added display serializer [minecraft:client/smelting] me.shedaniel.rei.api.common.display.DisplaySerializer$1@2524907f
[15:41:23] [Server thread/DEBUG] [REI] Added display serializer [minecraft:client/smoking] me.shedaniel.rei.api.common.display.DisplaySerializer$1@2a9f1ffd
[15:41:23] [Server thread/DEBUG] [REI] Added display serializer [minecraft:client/blasting] me.shedaniel.rei.api.common.display.DisplaySerializer$1@3fe0d163
[15:41:23] [Server thread/DEBUG] [REI] Added display serializer [minecraft:default/crafting/shaped] me.shedaniel.rei.api.common.display.DisplaySerializer$1@4400fb5c
[15:41:23] [Server thread/DEBUG] [REI] Added display serializer [minecraft:default/crafting/shapeless] me.shedaniel.rei.api.common.display.DisplaySerializer$1@3d765174
[15:41:23] [Server thread/DEBUG] [REI] Added display serializer [minecraft:default/crafting/custom] me.shedaniel.rei.api.common.display.DisplaySerializer$1@57540325
[15:41:23] [Server thread/DEBUG] [REI] Added display serializer [minecraft:default/crafting/custom_shaped] me.shedaniel.rei.api.common.display.DisplaySerializer$1@1f728e9b
[15:41:23] [Server thread/DEBUG] [REI] Added display serializer [minecraft:default/crafting/custom_shapeless] me.shedaniel.rei.api.common.display.DisplaySerializer$1@7b75ab3f
[15:41:23] [Server thread/DEBUG] [REI] Added display serializer [minecraft:extension/crafting/map_extending] me.shedaniel.rei.api.common.display.DisplaySerializer$1@31988112
[15:41:23] [Server thread/DEBUG] [REI] Added display serializer [minecraft:default/smelting] me.shedaniel.rei.api.common.display.DisplaySerializer$1@30bb8b50
[15:41:23] [Server thread/DEBUG] [REI] Added display serializer [minecraft:default/smoking] me.shedaniel.rei.api.common.display.DisplaySerializer$1@4bdd8308
[15:41:23] [Server thread/DEBUG] [REI] Added display serializer [minecraft:default/blasting] me.shedaniel.rei.api.common.display.DisplaySerializer$1@ae02b41
[15:41:23] [Server thread/DEBUG] [REI] Added display serializer [minecraft:default/campfire] me.shedaniel.rei.api.common.display.DisplaySerializer$1@311df122
[15:41:23] [Server thread/DEBUG] [REI] Added display serializer [minecraft:default/stone_cutting] me.shedaniel.rei.api.common.display.DisplaySerializer$1@67b641d0
[15:41:23] [Server thread/DEBUG] [REI] Added display serializer [minecraft:default/stripping] me.shedaniel.rei.api.common.display.DisplaySerializer$1@c182e02
[15:41:23] [Server thread/DEBUG] [REI] Added display serializer [minecraft:default/brewing] me.shedaniel.rei.api.common.display.DisplaySerializer$1@6ccd6e02
[15:41:23] [Server thread/DEBUG] [REI] Added display serializer [minecraft:default/composting] me.shedaniel.rei.api.common.display.DisplaySerializer$1@34cb9a0c
[15:41:23] [Server thread/DEBUG] [REI] Added display serializer [minecraft:default/fuel] me.shedaniel.rei.api.common.display.DisplaySerializer$1@2911c6bd
[15:41:23] [Server thread/DEBUG] [REI] Added display serializer [minecraft:default/smithing] me.shedaniel.rei.api.common.display.DisplaySerializer$1@459e320f
[15:41:23] [Server thread/DEBUG] [REI] Added display serializer [minecraft:default/smithing/trimming] me.shedaniel.rei.api.common.display.DisplaySerializer$1@374fdafc
[15:41:23] [Server thread/DEBUG] [REI] Added display serializer [minecraft:default/anvil] me.shedaniel.rei.api.common.display.DisplaySerializer$1@6831a5de
[15:41:23] [Server thread/DEBUG] [REI] Added display serializer [minecraft:default/beacon_base] me.shedaniel.rei.api.common.display.DisplaySerializer$1@3e764e6f
[15:41:23] [Server thread/DEBUG] [REI] Added display serializer [minecraft:default/beacon_payment] me.shedaniel.rei.api.common.display.DisplaySerializer$1@28b3a39d
[15:41:23] [Server thread/DEBUG] [REI] Added display serializer [minecraft:default/tilling] me.shedaniel.rei.api.common.display.DisplaySerializer$1@f553c84
[15:41:23] [Server thread/DEBUG] [REI] Added display serializer [minecraft:default/pathing] me.shedaniel.rei.api.common.display.DisplaySerializer$1@75633080
[15:41:23] [Server thread/DEBUG] [REI] Added display serializer [minecraft:default/waxing] me.shedaniel.rei.api.common.display.DisplaySerializer$1@9e13259
[15:41:23] [Server thread/DEBUG] [REI] Added display serializer [minecraft:default/waxing_scraping] me.shedaniel.rei.api.common.display.DisplaySerializer$1@48fe3fd
[15:41:23] [Server thread/DEBUG] [REI] Added display serializer [minecraft:default/oxidizing] me.shedaniel.rei.api.common.display.DisplaySerializer$1@4f70569b
[15:41:23] [Server thread/DEBUG] [REI] Added display serializer [minecraft:default/oxidizing_scraping] me.shedaniel.rei.api.common.display.DisplaySerializer$1@3403420b
[15:41:23] [Server thread/DEBUG] [REI] Added display serializer [roughlyenoughitems:default/information] me.shedaniel.rei.api.common.display.DisplaySerializer$1@60560636
[15:41:23] [Server thread/TRACE] [REI] [REICommonPlugin START] Reloading Section: "reloadable-plugin/DisplaySerializerRegistryImpl/DefaultPlugin of DefaultPlugin [roughlyenoughitems]/" done in 69.24 ms
[15:41:23] [Server thread/TRACE] [REI] [REICommonPlugin START] Reloading Section: "reloadable-plugin/DisplaySerializerRegistryImpl/FabricFluidAPISupportPlugin/"
[15:41:23] [Server thread/TRACE] [REI] [REICommonPlugin START] Reloading Section: "reloadable-plugin/DisplaySerializerRegistryImpl/FabricFluidAPISupportPlugin/" done in 141.9 μs
[15:41:23] [Server thread/TRACE] [REI] [REICommonPlugin START] Reloading Section: "reloadable-plugin/DisplaySerializerRegistryImpl/DefaultRuntimePlugin of DefaultRuntimePlugin [roughlyenoughitems]/"
[15:41:23] [Server thread/TRACE] [REI] [REICommonPlugin START] Reloading Section: "reloadable-plugin/DisplaySerializerRegistryImpl/DefaultRuntimePlugin of DefaultRuntimePlugin [roughlyenoughitems]/" done in 124.9 μs
[15:41:23] [Server thread/TRACE] [REI] [REICommonPlugin START] Reloading Section: "reloadable-plugin/DisplaySerializerRegistryImpl/" done in 70.58 ms
[15:41:23] [Server thread/TRACE] [REI] [REICommonPlugin START] Reloading Section: "reloadable-plugin/ServerDisplayRegistryImpl/"
[15:41:23] [Server thread/TRACE] [REI] [REICommonPlugin START] Reloading Section: "reloadable-plugin/ServerDisplayRegistryImpl/DefaultPlugin of DefaultPlugin [roughlyenoughitems]/"
[15:41:23] [Server thread/TRACE] [REI] [REICommonPlugin START] Reloading Section: "reloadable-plugin/ServerDisplayRegistryImpl/DefaultPlugin of DefaultPlugin [roughlyenoughitems]/" done in 135.3 μs
[15:41:23] [Server thread/TRACE] [REI] [REICommonPlugin START] Reloading Section: "reloadable-plugin/ServerDisplayRegistryImpl/FabricFluidAPISupportPlugin/"
[15:41:23] [Server thread/TRACE] [REI] [REICommonPlugin START] Reloading Section: "reloadable-plugin/ServerDisplayRegistryImpl/FabricFluidAPISupportPlugin/" done in 148.8 μs
[15:41:23] [Server thread/TRACE] [REI] [REICommonPlugin START] Reloading Section: "reloadable-plugin/ServerDisplayRegistryImpl/DefaultRuntimePlugin of DefaultRuntimePlugin [roughlyenoughitems]/"
[15:41:23] [Server thread/TRACE] [REI] [REICommonPlugin START] Reloading Section: "reloadable-plugin/ServerDisplayRegistryImpl/DefaultRuntimePlugin of DefaultRuntimePlugin [roughlyenoughitems]/" done in 159.7 μs
[15:41:23] [Server thread/TRACE] [REI] [REICommonPlugin START] Reloading Section: "reloadable-plugin/ServerDisplayRegistryImpl/" done in 1.419 ms
[15:41:23] [Server thread/TRACE] [REI] [REICommonPlugin START] Reloading Section: "reloadable-plugin/FluidSupportProviderImpl/"
[15:41:23] [Server thread/TRACE] [REI] [REICommonPlugin START] Reloading Section: "reloadable-plugin/FluidSupportProviderImpl/DefaultPlugin of DefaultPlugin [roughlyenoughitems]/"
[15:41:23] [Server thread/TRACE] [REI] [REICommonPlugin START] Reloading Section: "reloadable-plugin/FluidSupportProviderImpl/DefaultPlugin of DefaultPlugin [roughlyenoughitems]/" done in 704.9 μs
[15:41:23] [Server thread/TRACE] [REI] [REICommonPlugin START] Reloading Section: "reloadable-plugin/FluidSupportProviderImpl/FabricFluidAPISupportPlugin/"
[15:41:23] [Server thread/TRACE] [REI] [REICommonPlugin START] Reloading Section: "reloadable-plugin/FluidSupportProviderImpl/FabricFluidAPISupportPlugin/" done in 318.2 μs
[15:41:23] [Server thread/TRACE] [REI] [REICommonPlugin START] Reloading Section: "reloadable-plugin/FluidSupportProviderImpl/DefaultRuntimePlugin of DefaultRuntimePlugin [roughlyenoughitems]/"
[15:41:23] [Server thread/TRACE] [REI] [REICommonPlugin START] Reloading Section: "reloadable-plugin/FluidSupportProviderImpl/DefaultRuntimePlugin of DefaultRuntimePlugin [roughlyenoughitems]/" done in 140.4 μs
[15:41:23] [Server thread/TRACE] [REI] [REICommonPlugin START] Reloading Section: "reloadable-plugin/FluidSupportProviderImpl/" done in 2.218 ms
[15:41:23] [Server thread/DEBUG] [REI] ========================================
[15:41:23] [Server thread/DEBUG] [REI] REICommonPlugin ending main-reload for START.
[15:41:23] [Server thread/DEBUG] [REI] ========================================
[15:41:23] [Server thread/TRACE] [REI] [REICommonPlugin START] Reloading Section: "end-reload/"
[15:41:23] [Server thread/TRACE] [REI] [REICommonPlugin START] Reloading Section: "end-reload/SlotAccessorRegistryImpl/"
[15:41:23] [Server thread/TRACE] [REI] [REICommonPlugin START] Reloading Section: "end-reload/SlotAccessorRegistryImpl/" done in 153.6 μs
[15:41:23] [Server thread/TRACE] [REI] [REICommonPlugin START] Reloading Section: "end-reload/EntryTypeRegistryImpl/"
[15:41:23] [Server thread/TRACE] [REI] [REICommonPlugin START] Reloading Section: "end-reload/EntryTypeRegistryImpl/" done in 204.8 μs
[15:41:23] [Server thread/TRACE] [REI] [REICommonPlugin START] Reloading Section: "end-reload/EntrySettingsAdapterRegistryImpl/"
[15:41:23] [Server thread/TRACE] [REI] [REICommonPlugin START] Reloading Section: "end-reload/EntrySettingsAdapterRegistryImpl/" done in 56.47 μs
[15:41:23] [Server thread/TRACE] [REI] [REICommonPlugin START] Reloading Section: "end-reload/ItemComparatorRegistryImpl/"
[15:41:23] [Server thread/TRACE] [REI] [REICommonPlugin START] Reloading Section: "end-reload/ItemComparatorRegistryImpl/" done in 116.4 μs
[15:41:23] [Server thread/TRACE] [REI] [REICommonPlugin START] Reloading Section: "end-reload/FluidComparatorRegistryImpl/"
[15:41:23] [Server thread/TRACE] [REI] [REICommonPlugin START] Reloading Section: "end-reload/FluidComparatorRegistryImpl/" done in 149.1 μs
[15:41:23] [Server thread/TRACE] [REI] [REICommonPlugin START] Reloading Section: "end-reload/DisplaySerializerRegistryImpl/"
[15:41:23] [Server thread/TRACE] [REI] [REICommonPlugin START] Reloading Section: "end-reload/DisplaySerializerRegistryImpl/" done in 54.95 μs
[15:41:23] [Server thread/TRACE] [REI] [REICommonPlugin START] Reloading Section: "end-reload/ServerDisplayRegistryImpl/"
[15:41:23] [Server thread/TRACE] [REI] [REICommonPlugin START] Reloading Section: "end-reload/ServerDisplayRegistryImpl/" done in 121.1 μs
[15:41:23] [Server thread/TRACE] [REI] [REICommonPlugin START] Reloading Section: "end-reload/FluidSupportProviderImpl/"
[15:41:23] [Server thread/TRACE] [REI] [REICommonPlugin START] Reloading Section: "end-reload/FluidSupportProviderImpl/" done in 143.6 μs
[15:41:23] [Server thread/TRACE] [REI] [REICommonPlugin START] Reloading Section: "end-reload/" done in 2.751 ms
[15:41:23] [Server thread/DEBUG] [REI] ========================================
[15:41:23] [Server thread/DEBUG] [REI] REICommonPlugin ended main-reload for START in 112.5 ms.
[15:41:23] [Server thread/DEBUG] [REI] ========================================
[15:41:23] [Server thread/DEBUG] [REI] ========================================
[15:41:23] [Server thread/DEBUG] [REI] REICommonPlugin starting post-reload for START.
[15:41:23] [Server thread/DEBUG] [REI] Reloadables (8):
[15:41:23] [Server thread/DEBUG] [REI]  - SlotAccessorRegistryImpl
[15:41:23] [Server thread/DEBUG] [REI]  - EntryTypeRegistryImpl
[15:41:23] [Server thread/DEBUG] [REI]  - EntrySettingsAdapterRegistryImpl
[15:41:23] [Server thread/DEBUG] [REI]  - ItemComparatorRegistryImpl
[15:41:23] [Server thread/DEBUG] [REI]  - FluidComparatorRegistryImpl
[15:41:23] [Server thread/DEBUG] [REI]  - DisplaySerializerRegistryImpl
[15:41:23] [Server thread/DEBUG] [REI]  - ServerDisplayRegistryImpl
[15:41:23] [Server thread/DEBUG] [REI]  - FluidSupportProviderImpl
[15:41:23] [Server thread/DEBUG] [REI] Plugins (3):
[15:41:23] [Server thread/DEBUG] [REI]  - (-100.00) DefaultPlugin of DefaultPlugin [roughlyenoughitems]
[15:41:23] [Server thread/DEBUG] [REI]  - (0.00) FabricFluidAPISupportPlugin
[15:41:23] [Server thread/DEBUG] [REI]  - (0.00) DefaultRuntimePlugin of DefaultRuntimePlugin [roughlyenoughitems]
[15:41:23] [Server thread/DEBUG] [REI] ========================================
[15:41:23] [Server thread/TRACE] [REI] [REICommonPlugin START] Reloading Section: "post-register/"
[15:41:23] [Server thread/TRACE] [REI] [REICommonPlugin START] Reloading Section: "post-register/DefaultPlugin of DefaultPlugin [roughlyenoughitems]/"
[15:41:23] [Server thread/TRACE] [REI] [REICommonPlugin START] Reloading Section: "post-register/DefaultPlugin of DefaultPlugin [roughlyenoughitems]/" done in 500.7 μs
[15:41:23] [Server thread/TRACE] [REI] [REICommonPlugin START] Reloading Section: "post-register/FabricFluidAPISupportPlugin/"
[15:41:23] [Server thread/TRACE] [REI] [REICommonPlugin START] Reloading Section: "post-register/FabricFluidAPISupportPlugin/" done in 54.02 μs
[15:41:23] [Server thread/TRACE] [REI] [REICommonPlugin START] Reloading Section: "post-register/DefaultRuntimePlugin of DefaultRuntimePlugin [roughlyenoughitems]/"
[15:41:23] [Server thread/TRACE] [REI] [REICommonPlugin START] Reloading Section: "post-register/DefaultRuntimePlugin of DefaultRuntimePlugin [roughlyenoughitems]/" done in 46.52 μs
[15:41:23] [Server thread/TRACE] [REI] [REICommonPlugin START] Reloading Section: "post-register/" done in 1.282 ms
[15:41:23] [Server thread/TRACE] [REI] [REICommonPlugin START] Reloading Section: "post-stage/"
[15:41:23] [Server thread/TRACE] [REI] [REICommonPlugin START] Reloading Section: "post-stage/SlotAccessorRegistryImpl/"
[15:41:23] [Server thread/TRACE] [REI] [REICommonPlugin START] Reloading Section: "post-stage/SlotAccessorRegistryImpl/" done in 59.19 μs
[15:41:23] [Server thread/TRACE] [REI] [REICommonPlugin START] Reloading Section: "post-stage/EntryTypeRegistryImpl/"
[15:41:23] [Server thread/TRACE] [REI] [REICommonPlugin START] Reloading Section: "post-stage/EntryTypeRegistryImpl/" done in 64.64 μs
[15:41:23] [Server thread/TRACE] [REI] [REICommonPlugin START] Reloading Section: "post-stage/EntrySettingsAdapterRegistryImpl/"
[15:41:23] [Server thread/TRACE] [REI] [REICommonPlugin START] Reloading Section: "post-stage/EntrySettingsAdapterRegistryImpl/" done in 41.75 μs
[15:41:23] [Server thread/TRACE] [REI] [REICommonPlugin START] Reloading Section: "post-stage/ItemComparatorRegistryImpl/"
[15:41:23] [Server thread/TRACE] [REI] [REICommonPlugin START] Reloading Section: "post-stage/ItemComparatorRegistryImpl/" done in 45.32 μs
[15:41:23] [Server thread/TRACE] [REI] [REICommonPlugin START] Reloading Section: "post-stage/FluidComparatorRegistryImpl/"
[15:41:23] [Server thread/TRACE] [REI] [REICommonPlugin START] Reloading Section: "post-stage/FluidComparatorRegistryImpl/" done in 38.56 μs
[15:41:23] [Server thread/TRACE] [REI] [REICommonPlugin START] Reloading Section: "post-stage/DisplaySerializerRegistryImpl/"
[15:41:23] [Server thread/TRACE] [REI] [REICommonPlugin START] Reloading Section: "post-stage/DisplaySerializerRegistryImpl/" done in 41.07 μs
[15:41:23] [Server thread/TRACE] [REI] [REICommonPlugin START] Reloading Section: "post-stage/ServerDisplayRegistryImpl/"
[15:41:23] [Server thread/TRACE] [REI] [REICommonPlugin START] Reloading Section: "post-stage/ServerDisplayRegistryImpl/" done in 41.95 μs
[15:41:23] [Server thread/TRACE] [REI] [REICommonPlugin START] Reloading Section: "post-stage/FluidSupportProviderImpl/"
[15:41:23] [Server thread/TRACE] [REI] [REICommonPlugin START] Reloading Section: "post-stage/FluidSupportProviderImpl/" done in 38.73 μs
[15:41:23] [Server thread/TRACE] [REI] [REICommonPlugin START] Reloading Section: "post-stage/" done in 1.161 ms
[15:41:23] [Server thread/DEBUG] [REI] ========================================
[15:41:23] [Server thread/INFO] [REI] REICommonPlugin finished post-reload for START in 2.580 ms, totaling 132.4 ms.
[15:41:23] [Server thread/DEBUG] [REI] ========================================
[15:41:23] [Server thread/DEBUG] [REI] ========================================
[15:41:23] [Server thread/DEBUG] [REI] REICommonPlugin starting pre-reload for END.
[15:41:23] [Server thread/DEBUG] [REI] Reloadables (8):
[15:41:23] [Server thread/DEBUG] [REI]  - SlotAccessorRegistryImpl
[15:41:23] [Server thread/DEBUG] [REI]  - EntryTypeRegistryImpl
[15:41:23] [Server thread/DEBUG] [REI]  - EntrySettingsAdapterRegistryImpl
[15:41:23] [Server thread/DEBUG] [REI]  - ItemComparatorRegistryImpl
[15:41:23] [Server thread/DEBUG] [REI]  - FluidComparatorRegistryImpl
[15:41:23] [Server thread/DEBUG] [REI]  - DisplaySerializerRegistryImpl
[15:41:23] [Server thread/DEBUG] [REI]  - ServerDisplayRegistryImpl
[15:41:23] [Server thread/DEBUG] [REI]  - FluidSupportProviderImpl
[15:41:23] [Server thread/DEBUG] [REI] Plugins (3):
[15:41:23] [Server thread/DEBUG] [REI]  - (-100.00) DefaultPlugin of DefaultPlugin [roughlyenoughitems]
[15:41:23] [Server thread/DEBUG] [REI]  - (0.00) FabricFluidAPISupportPlugin
[15:41:23] [Server thread/DEBUG] [REI]  - (0.00) DefaultRuntimePlugin of DefaultRuntimePlugin [roughlyenoughitems]
[15:41:23] [Server thread/DEBUG] [REI] ========================================
[15:41:23] [Server thread/TRACE] [REI] [REICommonPlugin END] Reloading Section: "pre-register/"
[15:41:23] [Server thread/TRACE] [REI] [REICommonPlugin END] Reloading Section: "pre-register/DefaultPlugin of DefaultPlugin [roughlyenoughitems]/"
[15:41:23] [Server thread/TRACE] [REI] [REICommonPlugin END] Reloading Section: "pre-register/DefaultPlugin of DefaultPlugin [roughlyenoughitems]/" done in 40.73 μs
[15:41:23] [Server thread/TRACE] [REI] [REICommonPlugin END] Reloading Section: "pre-register/FabricFluidAPISupportPlugin/"
[15:41:23] [Server thread/TRACE] [REI] [REICommonPlugin END] Reloading Section: "pre-register/FabricFluidAPISupportPlugin/" done in 67.91 μs
[15:41:23] [Server thread/TRACE] [REI] [REICommonPlugin END] Reloading Section: "pre-register/DefaultRuntimePlugin of DefaultRuntimePlugin [roughlyenoughitems]/"
[15:41:23] [Server thread/TRACE] [REI] [REICommonPlugin END] Reloading Section: "pre-register/DefaultRuntimePlugin of DefaultRuntimePlugin [roughlyenoughitems]/" done in 46.19 μs
[15:41:23] [Server thread/TRACE] [REI] [REICommonPlugin END] Reloading Section: "pre-register/" done in 574.1 μs
[15:41:23] [Server thread/TRACE] [REI] [REICommonPlugin END] Reloading Section: "pre-stage/"
[15:41:23] [Server thread/TRACE] [REI] [REICommonPlugin END] Reloading Section: "pre-stage/SlotAccessorRegistryImpl/"
[15:41:23] [Server thread/TRACE] [REI] [REICommonPlugin END] Reloading Section: "pre-stage/SlotAccessorRegistryImpl/" done in 40.03 μs
[15:41:23] [Server thread/TRACE] [REI] [REICommonPlugin END] Reloading Section: "pre-stage/EntryTypeRegistryImpl/"
[15:41:23] [Server thread/TRACE] [REI] [REICommonPlugin END] Reloading Section: "pre-stage/EntryTypeRegistryImpl/" done in 46.00 μs
[15:41:23] [Server thread/TRACE] [REI] [REICommonPlugin END] Reloading Section: "pre-stage/EntrySettingsAdapterRegistryImpl/"
[15:41:23] [Server thread/TRACE] [REI] [REICommonPlugin END] Reloading Section: "pre-stage/EntrySettingsAdapterRegistryImpl/" done in 40.93 μs
[15:41:23] [Server thread/TRACE] [REI] [REICommonPlugin END] Reloading Section: "pre-stage/ItemComparatorRegistryImpl/"
[15:41:23] [Server thread/TRACE] [REI] [REICommonPlugin END] Reloading Section: "pre-stage/ItemComparatorRegistryImpl/" done in 40.32 μs
[15:41:23] [Server thread/TRACE] [REI] [REICommonPlugin END] Reloading Section: "pre-stage/FluidComparatorRegistryImpl/"
[15:41:23] [Server thread/TRACE] [REI] [REICommonPlugin END] Reloading Section: "pre-stage/FluidComparatorRegistryImpl/" done in 2.065 ms
[15:41:23] [Server thread/TRACE] [REI] [REICommonPlugin END] Reloading Section: "pre-stage/DisplaySerializerRegistryImpl/"
[15:41:23] [Server thread/TRACE] [REI] [REICommonPlugin END] Reloading Section: "pre-stage/DisplaySerializerRegistryImpl/" done in 67.66 μs
[15:41:23] [Server thread/TRACE] [REI] [REICommonPlugin END] Reloading Section: "pre-stage/ServerDisplayRegistryImpl/"
[15:41:23] [Server thread/TRACE] [REI] [REICommonPlugin END] Reloading Section: "pre-stage/ServerDisplayRegistryImpl/" done in 39.32 μs
[15:41:23] [Server thread/TRACE] [REI] [REICommonPlugin END] Reloading Section: "pre-stage/FluidSupportProviderImpl/"
[15:41:23] [Server thread/TRACE] [REI] [REICommonPlugin END] Reloading Section: "pre-stage/FluidSupportProviderImpl/" done in 41.04 μs
[15:41:23] [Server thread/TRACE] [REI] [REICommonPlugin END] Reloading Section: "pre-stage/" done in 3.144 ms
[15:41:23] [Server thread/DEBUG] [REI] ========================================
[15:41:23] [Server thread/DEBUG] [REI] REICommonPlugin finished pre-reload for END in 3.846 ms.
[15:41:23] [Server thread/DEBUG] [REI] ========================================
[15:41:23] [Server thread/INFO] [REI] OOOOOOOOOOOOOOOOOOOOOOOOOOOOOOOOOOOOOOOO
[15:41:23] [Server thread/INFO] [REI] REICommonPlugin starting main-reload for END.
[15:41:23] [Server thread/DEBUG] [REI] Reloadables (8):
[15:41:23] [Server thread/DEBUG] [REI]  - SlotAccessorRegistryImpl
[15:41:23] [Server thread/DEBUG] [REI]  - EntryTypeRegistryImpl
[15:41:23] [Server thread/DEBUG] [REI]  - EntrySettingsAdapterRegistryImpl
[15:41:23] [Server thread/DEBUG] [REI]  - ItemComparatorRegistryImpl
[15:41:23] [Server thread/DEBUG] [REI]  - FluidComparatorRegistryImpl
[15:41:23] [Server thread/DEBUG] [REI]  - DisplaySerializerRegistryImpl
[15:41:23] [Server thread/DEBUG] [REI]  - ServerDisplayRegistryImpl
[15:41:23] [Server thread/DEBUG] [REI]  - FluidSupportProviderImpl
[15:41:23] [Server thread/INFO] [REI] Plugins (3):
[15:41:23] [Server thread/INFO] [REI]  - (-100.00) DefaultPlugin of DefaultPlugin [roughlyenoughitems]
[15:41:23] [Server thread/INFO] [REI]  - (0.00) FabricFluidAPISupportPlugin
[15:41:23] [Server thread/INFO] [REI]  - (0.00) DefaultRuntimePlugin of DefaultRuntimePlugin [roughlyenoughitems]
[15:41:23] [Server thread/INFO] [REI] OOOOOOOOOOOOOOOOOOOOOOOOOOOOOOOOOOOOOOOO
[15:41:23] [Server thread/TRACE] [REI] [REICommonPlugin END] Reloading Section: "start-reload/"
[15:41:23] [Server thread/TRACE] [REI] [REICommonPlugin END] Reloading Section: "start-reload/SlotAccessorRegistryImpl/"
[15:41:23] [Server thread/TRACE] [REI] [REICommonPlugin END] Reloading Section: "start-reload/SlotAccessorRegistryImpl/" done in 124.5 μs
[15:41:23] [Server thread/TRACE] [REI] [REICommonPlugin END] Reloading Section: "start-reload/EntryTypeRegistryImpl/"
[15:41:23] [Server thread/TRACE] [REI] [REICommonPlugin END] Reloading Section: "start-reload/EntryTypeRegistryImpl/" done in 140.6 μs
[15:41:23] [Server thread/TRACE] [REI] [REICommonPlugin END] Reloading Section: "start-reload/EntrySettingsAdapterRegistryImpl/"
[15:41:23] [Server thread/TRACE] [REI] [REICommonPlugin END] Reloading Section: "start-reload/EntrySettingsAdapterRegistryImpl/" done in 129.4 μs
[15:41:23] [Server thread/TRACE] [REI] [REICommonPlugin END] Reloading Section: "start-reload/ItemComparatorRegistryImpl/"
[15:41:23] [Server thread/TRACE] [REI] [REICommonPlugin END] Reloading Section: "start-reload/ItemComparatorRegistryImpl/" done in 108.3 μs
[15:41:23] [Server thread/TRACE] [REI] [REICommonPlugin END] Reloading Section: "start-reload/FluidComparatorRegistryImpl/"
[15:41:23] [Server thread/TRACE] [REI] [REICommonPlugin END] Reloading Section: "start-reload/FluidComparatorRegistryImpl/" done in 137.3 μs
[15:41:23] [Server thread/TRACE] [REI] [REICommonPlugin END] Reloading Section: "start-reload/DisplaySerializerRegistryImpl/"
[15:41:23] [Server thread/TRACE] [REI] [REICommonPlugin END] Reloading Section: "start-reload/DisplaySerializerRegistryImpl/" done in 133.1 μs
[15:41:23] [Server thread/TRACE] [REI] [REICommonPlugin END] Reloading Section: "start-reload/ServerDisplayRegistryImpl/"
[15:41:23] [Server thread/TRACE] [REI] [REICommonPlugin END] Reloading Section: "start-reload/ServerDisplayRegistryImpl/" done in 225.8 μs
[15:41:23] [Server thread/TRACE] [REI] [REICommonPlugin END] Reloading Section: "start-reload/FluidSupportProviderImpl/"
[15:41:23] [Server thread/TRACE] [REI] [REICommonPlugin END] Reloading Section: "start-reload/FluidSupportProviderImpl/" done in 49.64 μs
[15:41:23] [Server thread/TRACE] [REI] [REICommonPlugin END] Reloading Section: "start-reload/" done in 2.750 ms
[15:41:23] [Server thread/DEBUG] [REI] ========================================
[15:41:23] [Server thread/DEBUG] [REI] REICommonPlugin started main-reload for END.
[15:41:23] [Server thread/DEBUG] [REI] ========================================
[15:41:23] [Server thread/TRACE] [REI] [REICommonPlugin END] Reloading Section: "reloadable-plugin/SlotAccessorRegistryImpl/"
[15:41:23] [Server thread/TRACE] [REI] [REICommonPlugin END] Reloading Section: "reloadable-plugin/SlotAccessorRegistryImpl/DefaultPlugin of DefaultPlugin [roughlyenoughitems]/"
[15:41:23] [Server thread/TRACE] [REI] [REICommonPlugin END] Reloading Section: "reloadable-plugin/SlotAccessorRegistryImpl/DefaultPlugin of DefaultPlugin [roughlyenoughitems]/" done in 44.20 μs
[15:41:23] [Server thread/TRACE] [REI] [REICommonPlugin END] Reloading Section: "reloadable-plugin/SlotAccessorRegistryImpl/FabricFluidAPISupportPlugin/"
[15:41:23] [Server thread/TRACE] [REI] [REICommonPlugin END] Reloading Section: "reloadable-plugin/SlotAccessorRegistryImpl/FabricFluidAPISupportPlugin/" done in 42.74 μs
[15:41:23] [Server thread/TRACE] [REI] [REICommonPlugin END] Reloading Section: "reloadable-plugin/SlotAccessorRegistryImpl/DefaultRuntimePlugin of DefaultRuntimePlugin [roughlyenoughitems]/"
[15:41:23] [Server thread/DEBUG] [REI] Added slot accessor serializer: me.shedaniel.rei.plugin.common.runtime.DefaultRuntimePlugin$1@1ff9e910 [roughlyenoughitems:vanilla]
[15:41:23] [Server thread/DEBUG] [REI] Added slot accessor serializer: me.shedaniel.rei.plugin.common.runtime.DefaultRuntimePlugin$2@389b1ccc [roughlyenoughitems:player]
[15:41:23] [Server thread/TRACE] [REI] [REICommonPlugin END] Reloading Section: "reloadable-plugin/SlotAccessorRegistryImpl/DefaultRuntimePlugin of DefaultRuntimePlugin [roughlyenoughitems]/" done in 2.686 ms
[15:41:23] [Server thread/TRACE] [REI] [REICommonPlugin END] Reloading Section: "reloadable-plugin/SlotAccessorRegistryImpl/" done in 3.104 ms
[15:41:23] [Server thread/TRACE] [REI] [REICommonPlugin END] Reloading Section: "reloadable-plugin/EntryTypeRegistryImpl/"
[15:41:23] [Server thread/TRACE] [REI] [REICommonPlugin END] Reloading Section: "reloadable-plugin/EntryTypeRegistryImpl/DefaultPlugin of DefaultPlugin [roughlyenoughitems]/"
[15:41:23] [Server thread/TRACE] [REI] [REICommonPlugin END] Reloading Section: "reloadable-plugin/EntryTypeRegistryImpl/DefaultPlugin of DefaultPlugin [roughlyenoughitems]/" done in 46.92 μs
[15:41:23] [Server thread/TRACE] [REI] [REICommonPlugin END] Reloading Section: "reloadable-plugin/EntryTypeRegistryImpl/FabricFluidAPISupportPlugin/"
[15:41:23] [Server thread/TRACE] [REI] [REICommonPlugin END] Reloading Section: "reloadable-plugin/EntryTypeRegistryImpl/FabricFluidAPISupportPlugin/" done in 66.69 μs
[15:41:23] [Server thread/TRACE] [REI] [REICommonPlugin END] Reloading Section: "reloadable-plugin/EntryTypeRegistryImpl/DefaultRuntimePlugin of DefaultRuntimePlugin [roughlyenoughitems]/"
[15:41:23] [Server thread/TRACE] [REI] [REICommonPlugin END] Reloading Section: "reloadable-plugin/EntryTypeRegistryImpl/DefaultRuntimePlugin of DefaultRuntimePlugin [roughlyenoughitems]/" done in 61.92 μs
[15:41:23] [Server thread/TRACE] [REI] [REICommonPlugin END] Reloading Section: "reloadable-plugin/EntryTypeRegistryImpl/" done in 588.1 μs
[15:41:23] [Server thread/TRACE] [REI] [REICommonPlugin END] Reloading Section: "reloadable-plugin/EntrySettingsAdapterRegistryImpl/"
[15:41:23] [Server thread/TRACE] [REI] [REICommonPlugin END] Reloading Section: "reloadable-plugin/EntrySettingsAdapterRegistryImpl/DefaultPlugin of DefaultPlugin [roughlyenoughitems]/"
[15:41:23] [Server thread/TRACE] [REI] [REICommonPlugin END] Reloading Section: "reloadable-plugin/EntrySettingsAdapterRegistryImpl/DefaultPlugin of DefaultPlugin [roughlyenoughitems]/" done in 66.25 μs
[15:41:23] [Server thread/TRACE] [REI] [REICommonPlugin END] Reloading Section: "reloadable-plugin/EntrySettingsAdapterRegistryImpl/FabricFluidAPISupportPlugin/"
[15:41:23] [Server thread/TRACE] [REI] [REICommonPlugin END] Reloading Section: "reloadable-plugin/EntrySettingsAdapterRegistryImpl/FabricFluidAPISupportPlugin/" done in 65.21 μs
[15:41:23] [Server thread/TRACE] [REI] [REICommonPlugin END] Reloading Section: "reloadable-plugin/EntrySettingsAdapterRegistryImpl/DefaultRuntimePlugin of DefaultRuntimePlugin [roughlyenoughitems]/"
[15:41:23] [Server thread/TRACE] [REI] [REICommonPlugin END] Reloading Section: "reloadable-plugin/EntrySettingsAdapterRegistryImpl/DefaultRuntimePlugin of DefaultRuntimePlugin [roughlyenoughitems]/" done in 51.85 μs
[15:41:23] [Server thread/TRACE] [REI] [REICommonPlugin END] Reloading Section: "reloadable-plugin/EntrySettingsAdapterRegistryImpl/" done in 684.6 μs
[15:41:23] [Server thread/TRACE] [REI] [REICommonPlugin END] Reloading Section: "reloadable-plugin/ItemComparatorRegistryImpl/"
[15:41:23] [Server thread/TRACE] [REI] [REICommonPlugin END] Reloading Section: "reloadable-plugin/ItemComparatorRegistryImpl/DefaultPlugin of DefaultPlugin [roughlyenoughitems]/"
[15:41:23] [Server thread/TRACE] [REI] [REICommonPlugin END] Reloading Section: "reloadable-plugin/ItemComparatorRegistryImpl/DefaultPlugin of DefaultPlugin [roughlyenoughitems]/" done in 66.12 μs
[15:41:23] [Server thread/TRACE] [REI] [REICommonPlugin END] Reloading Section: "reloadable-plugin/ItemComparatorRegistryImpl/FabricFluidAPISupportPlugin/"
[15:41:23] [Server thread/TRACE] [REI] [REICommonPlugin END] Reloading Section: "reloadable-plugin/ItemComparatorRegistryImpl/FabricFluidAPISupportPlugin/" done in 69.35 μs
[15:41:23] [Server thread/TRACE] [REI] [REICommonPlugin END] Reloading Section: "reloadable-plugin/ItemComparatorRegistryImpl/DefaultRuntimePlugin of DefaultRuntimePlugin [roughlyenoughitems]/"
[15:41:23] [Server thread/TRACE] [REI] [REICommonPlugin END] Reloading Section: "reloadable-plugin/ItemComparatorRegistryImpl/DefaultRuntimePlugin of DefaultRuntimePlugin [roughlyenoughitems]/" done in 83.57 μs
[15:41:23] [Server thread/TRACE] [REI] [REICommonPlugin END] Reloading Section: "reloadable-plugin/ItemComparatorRegistryImpl/" done in 621.1 μs
[15:41:23] [Server thread/TRACE] [REI] [REICommonPlugin END] Reloading Section: "reloadable-plugin/FluidComparatorRegistryImpl/"
[15:41:23] [Server thread/TRACE] [REI] [REICommonPlugin END] Reloading Section: "reloadable-plugin/FluidComparatorRegistryImpl/DefaultPlugin of DefaultPlugin [roughlyenoughitems]/"
[15:41:23] [Server thread/TRACE] [REI] [REICommonPlugin END] Reloading Section: "reloadable-plugin/FluidComparatorRegistryImpl/DefaultPlugin of DefaultPlugin [roughlyenoughitems]/" done in 58.22 μs
[15:41:23] [Server thread/TRACE] [REI] [REICommonPlugin END] Reloading Section: "reloadable-plugin/FluidComparatorRegistryImpl/FabricFluidAPISupportPlugin/"
[15:41:23] [Server thread/TRACE] [REI] [REICommonPlugin END] Reloading Section: "reloadable-plugin/FluidComparatorRegistryImpl/FabricFluidAPISupportPlugin/" done in 57.43 μs
[15:41:23] [Server thread/TRACE] [REI] [REICommonPlugin END] Reloading Section: "reloadable-plugin/FluidComparatorRegistryImpl/DefaultRuntimePlugin of DefaultRuntimePlugin [roughlyenoughitems]/"
[15:41:23] [Server thread/TRACE] [REI] [REICommonPlugin END] Reloading Section: "reloadable-plugin/FluidComparatorRegistryImpl/DefaultRuntimePlugin of DefaultRuntimePlugin [roughlyenoughitems]/" done in 59.33 μs
[15:41:23] [Server thread/TRACE] [REI] [REICommonPlugin END] Reloading Section: "reloadable-plugin/FluidComparatorRegistryImpl/" done in 539.0 μs
[15:41:23] [Server thread/TRACE] [REI] [REICommonPlugin END] Reloading Section: "reloadable-plugin/DisplaySerializerRegistryImpl/"
[15:41:23] [Server thread/TRACE] [REI] [REICommonPlugin END] Reloading Section: "reloadable-plugin/DisplaySerializerRegistryImpl/DefaultPlugin of DefaultPlugin [roughlyenoughitems]/"
[15:41:23] [Server thread/TRACE] [REI] [REICommonPlugin END] Reloading Section: "reloadable-plugin/DisplaySerializerRegistryImpl/DefaultPlugin of DefaultPlugin [roughlyenoughitems]/" done in 85.61 μs
[15:41:23] [Server thread/TRACE] [REI] [REICommonPlugin END] Reloading Section: "reloadable-plugin/DisplaySerializerRegistryImpl/FabricFluidAPISupportPlugin/"
[15:41:23] [Server thread/TRACE] [REI] [REICommonPlugin END] Reloading Section: "reloadable-plugin/DisplaySerializerRegistryImpl/FabricFluidAPISupportPlugin/" done in 68.41 μs
[15:41:23] [Server thread/TRACE] [REI] [REICommonPlugin END] Reloading Section: "reloadable-plugin/DisplaySerializerRegistryImpl/DefaultRuntimePlugin of DefaultRuntimePlugin [roughlyenoughitems]/"
[15:41:23] [Server thread/TRACE] [REI] [REICommonPlugin END] Reloading Section: "reloadable-plugin/DisplaySerializerRegistryImpl/DefaultRuntimePlugin of DefaultRuntimePlugin [roughlyenoughitems]/" done in 70.53 μs
[15:41:23] [Server thread/TRACE] [REI] [REICommonPlugin END] Reloading Section: "reloadable-plugin/DisplaySerializerRegistryImpl/" done in 632.3 μs
[15:41:23] [Server thread/TRACE] [REI] [REICommonPlugin END] Reloading Section: "reloadable-plugin/ServerDisplayRegistryImpl/"
[15:41:23] [Server thread/TRACE] [REI] [REICommonPlugin END] Reloading Section: "reloadable-plugin/ServerDisplayRegistryImpl/DefaultPlugin of DefaultPlugin [roughlyenoughitems]/"
[15:41:23] [Server thread/DEBUG] [REI] Added display filter: me.shedaniel.rei.api.common.registry.display.DisplayConsumer$RecipeManagerConsumer$RecipeFillerBuilder$$Lambda/0x00007c409115f2c8@43277233
[15:41:23] [Server thread/DEBUG] [REI] Added display filter: me.shedaniel.rei.api.common.registry.display.DisplayConsumer$RecipeManagerConsumer$RecipeFillerBuilder$$Lambda/0x00007c409115f2c8@60050832
[15:41:23] [Server thread/DEBUG] [REI] Added display filter: me.shedaniel.rei.api.common.registry.display.DisplayConsumer$RecipeManagerConsumer$RecipeFillerBuilder$$Lambda/0x00007c409115f2c8@3f9a2dd5
[15:41:23] [Server thread/DEBUG] [REI] Added display filter: me.shedaniel.rei.api.common.registry.display.DisplayConsumer$RecipeManagerConsumer$RecipeFillerBuilder$$Lambda/0x00007c409115f2c8@c872b85
[15:41:23] [Server thread/DEBUG] [REI] Added display filter: me.shedaniel.rei.api.common.registry.display.DisplayConsumer$RecipeManagerConsumer$RecipeFillerBuilder$$Lambda/0x00007c409115f2c8@6e29475
[15:41:23] [Server thread/DEBUG] [REI] Added display filter: me.shedaniel.rei.api.common.registry.display.DisplayConsumer$RecipeManagerConsumer$RecipeFillerBuilder$$Lambda/0x00007c409115f2c8@286136af
[15:41:23] [Server thread/DEBUG] [REI] Added display filter: me.shedaniel.rei.api.common.registry.display.DisplayConsumer$RecipeManagerConsumer$RecipeFillerBuilder$$Lambda/0x00007c409115f2c8@15a4df86
[15:41:23] [Server thread/DEBUG] [REI] Added display filter: me.shedaniel.rei.api.common.registry.display.DisplayConsumer$RecipeManagerConsumer$RecipeFillerBuilder$$Lambda/0x00007c4091160b08@5fe7eb3b
[15:41:23] [Server thread/DEBUG] [REI] Added display filter: me.shedaniel.rei.api.common.registry.display.DisplayConsumer$RecipeManagerConsumer$RecipeFillerBuilder$$Lambda/0x00007c4091160b08@85767b
[15:41:23] [Server thread/DEBUG] [REI] Added display filter: me.shedaniel.rei.api.common.registry.display.DisplayConsumer$RecipeManagerConsumer$RecipeFillerBuilder$$Lambda/0x00007c4091160b08@523f09fe
[15:41:23] [Server thread/DEBUG] [REI] Added display filter: me.shedaniel.rei.api.common.registry.display.DisplayConsumer$RecipeManagerConsumer$RecipeFillerBuilder$$Lambda/0x00007c4091160b08@5c334833
[15:41:23] [Server thread/DEBUG] [REI] Added display filter: me.shedaniel.rei.api.common.registry.display.DisplayConsumer$RecipeManagerConsumer$RecipeFillerBuilder$$Lambda/0x00007c4091160b08@3cedcebd
[15:41:23] [Server thread/DEBUG] [REI] Added display filter: me.shedaniel.rei.api.common.registry.display.DisplayConsumer$RecipeManagerConsumer$RecipeFillerBuilder$$Lambda/0x00007c4091160b08@17f051f5
[15:41:23] [Server thread/DEBUG] [REI] Added display filter: me.shedaniel.rei.api.common.registry.display.DisplayConsumer$RecipeManagerConsumer$RecipeFillerBuilder$$Lambda/0x00007c4091160b08@3d2ada0c
[15:41:23] [Server thread/DEBUG] [REI] Added display filter: me.shedaniel.rei.api.common.registry.display.DisplayConsumer$RecipeManagerConsumer$RecipeFillerBuilder$$Lambda/0x00007c4091160b08@7b9e6f4a
[15:41:23] [Server thread/DEBUG] [REI] Added display filter: me.shedaniel.rei.api.common.registry.display.DisplayConsumer$RecipeManagerConsumer$RecipeFillerBuilder$$Lambda/0x00007c4091160b08@2954dea2
[15:41:23] [Server thread/TRACE] [REI] [REICommonPlugin END] Reloading Section: "reloadable-plugin/ServerDisplayRegistryImpl/DefaultPlugin of DefaultPlugin [roughlyenoughitems]/" done in 4.978 ms
[15:41:23] [Server thread/TRACE] [REI] [REICommonPlugin END] Reloading Section: "reloadable-plugin/ServerDisplayRegistryImpl/FabricFluidAPISupportPlugin/"
[15:41:23] [Server thread/TRACE] [REI] [REICommonPlugin END] Reloading Section: "reloadable-plugin/ServerDisplayRegistryImpl/FabricFluidAPISupportPlugin/" done in 31.31 μs
[15:41:23] [Server thread/TRACE] [REI] [REICommonPlugin END] Reloading Section: "reloadable-plugin/ServerDisplayRegistryImpl/DefaultRuntimePlugin of DefaultRuntimePlugin [roughlyenoughitems]/"
[15:41:23] [Server thread/TRACE] [REI] [REICommonPlugin END] Reloading Section: "reloadable-plugin/ServerDisplayRegistryImpl/DefaultRuntimePlugin of DefaultRuntimePlugin [roughlyenoughitems]/" done in 28.15 μs
[15:41:23] [Server thread/TRACE] [REI] [REICommonPlugin END] Reloading Section: "reloadable-plugin/ServerDisplayRegistryImpl/" done in 5.304 ms
[15:41:23] [Server thread/TRACE] [REI] [REICommonPlugin END] Reloading Section: "reloadable-plugin/FluidSupportProviderImpl/"
[15:41:23] [Server thread/TRACE] [REI] [REICommonPlugin END] Reloading Section: "reloadable-plugin/FluidSupportProviderImpl/DefaultPlugin of DefaultPlugin [roughlyenoughitems]/"
[15:41:23] [Server thread/TRACE] [REI] [REICommonPlugin END] Reloading Section: "reloadable-plugin/FluidSupportProviderImpl/DefaultPlugin of DefaultPlugin [roughlyenoughitems]/" done in 26.89 μs
[15:41:23] [Server thread/TRACE] [REI] [REICommonPlugin END] Reloading Section: "reloadable-plugin/FluidSupportProviderImpl/FabricFluidAPISupportPlugin/"
[15:41:23] [Server thread/TRACE] [REI] [REICommonPlugin END] Reloading Section: "reloadable-plugin/FluidSupportProviderImpl/FabricFluidAPISupportPlugin/" done in 30.26 μs
[15:41:23] [Server thread/TRACE] [REI] [REICommonPlugin END] Reloading Section: "reloadable-plugin/FluidSupportProviderImpl/DefaultRuntimePlugin of DefaultRuntimePlugin [roughlyenoughitems]/"
[15:41:23] [Server thread/TRACE] [REI] [REICommonPlugin END] Reloading Section: "reloadable-plugin/FluidSupportProviderImpl/DefaultRuntimePlugin of DefaultRuntimePlugin [roughlyenoughitems]/" done in 26.91 μs
[15:41:23] [Server thread/TRACE] [REI] [REICommonPlugin END] Reloading Section: "reloadable-plugin/FluidSupportProviderImpl/" done in 312.5 μs
[15:41:23] [Server thread/DEBUG] [REI] ========================================
[15:41:23] [Server thread/DEBUG] [REI] REICommonPlugin ending main-reload for END.
[15:41:23] [Server thread/DEBUG] [REI] ========================================
[15:41:23] [Server thread/TRACE] [REI] [REICommonPlugin END] Reloading Section: "end-reload/"
[15:41:23] [Server thread/TRACE] [REI] [REICommonPlugin END] Reloading Section: "end-reload/SlotAccessorRegistryImpl/"
[15:41:23] [Server thread/DEBUG] [REI] Registered 2 slot accessor serializers
[15:41:23] [Server thread/TRACE] [REI] [REICommonPlugin END] Reloading Section: "end-reload/SlotAccessorRegistryImpl/" done in 69.34 μs
[15:41:23] [Server thread/TRACE] [REI] [REICommonPlugin END] Reloading Section: "end-reload/EntryTypeRegistryImpl/"
[15:41:23] [Server thread/TRACE] [REI] [REICommonPlugin END] Reloading Section: "end-reload/EntryTypeRegistryImpl/" done in 23.13 μs
[15:41:23] [Server thread/TRACE] [REI] [REICommonPlugin END] Reloading Section: "end-reload/EntrySettingsAdapterRegistryImpl/"
[15:41:23] [Server thread/TRACE] [REI] [REICommonPlugin END] Reloading Section: "end-reload/EntrySettingsAdapterRegistryImpl/" done in 21.43 μs
[15:41:23] [Server thread/TRACE] [REI] [REICommonPlugin END] Reloading Section: "end-reload/ItemComparatorRegistryImpl/"
[15:41:23] [Server thread/TRACE] [REI] [REICommonPlugin END] Reloading Section: "end-reload/ItemComparatorRegistryImpl/" done in 26.01 μs
[15:41:23] [Server thread/TRACE] [REI] [REICommonPlugin END] Reloading Section: "end-reload/FluidComparatorRegistryImpl/"
[15:41:23] [Server thread/TRACE] [REI] [REICommonPlugin END] Reloading Section: "end-reload/FluidComparatorRegistryImpl/" done in 27.77 μs
[15:41:23] [Server thread/TRACE] [REI] [REICommonPlugin END] Reloading Section: "end-reload/DisplaySerializerRegistryImpl/"
[15:41:23] [Server thread/TRACE] [REI] [REICommonPlugin END] Reloading Section: "end-reload/DisplaySerializerRegistryImpl/" done in 26.53 μs
[15:41:23] [Server thread/TRACE] [REI] [REICommonPlugin END] Reloading Section: "end-reload/ServerDisplayRegistryImpl/"
[15:41:23] [Server thread/DEBUG] [REI] Found preliminary 0 displays
[15:41:23] [Server thread/DEBUG] [REI] Filled 1769 displays from recipe manager in 113.9 ms
[15:41:23] [Server thread/TRACE] [REI] [REICommonPlugin END] Reloading Section: "end-reload/ServerDisplayRegistryImpl/" done in 114.4 ms
[15:41:23] [Server thread/TRACE] [REI] [REICommonPlugin END] Reloading Section: "end-reload/FluidSupportProviderImpl/"
[15:41:23] [Server thread/TRACE] [REI] [REICommonPlugin END] Reloading Section: "end-reload/FluidSupportProviderImpl/" done in 46.46 μs
[15:41:23] [Server thread/TRACE] [REI] [REICommonPlugin END] Reloading Section: "end-reload/" done in 115.2 ms
[15:41:23] [Server thread/DEBUG] [REI] ========================================
[15:41:23] [Server thread/DEBUG] [REI] REICommonPlugin ended main-reload for END in 136.9 ms.
[15:41:23] [Server thread/DEBUG] [REI] ========================================
[15:41:23] [Server thread/DEBUG] [REI] ========================================
[15:41:23] [Server thread/DEBUG] [REI] REICommonPlugin starting post-reload for END.
[15:41:23] [Server thread/DEBUG] [REI] Reloadables (8):
[15:41:23] [Server thread/DEBUG] [REI]  - SlotAccessorRegistryImpl
[15:41:23] [Server thread/DEBUG] [REI]  - EntryTypeRegistryImpl
[15:41:23] [Server thread/DEBUG] [REI]  - EntrySettingsAdapterRegistryImpl
[15:41:23] [Server thread/DEBUG] [REI]  - ItemComparatorRegistryImpl
[15:41:23] [Server thread/DEBUG] [REI]  - FluidComparatorRegistryImpl
[15:41:23] [Server thread/DEBUG] [REI]  - DisplaySerializerRegistryImpl
[15:41:23] [Server thread/DEBUG] [REI]  - ServerDisplayRegistryImpl
[15:41:23] [Server thread/DEBUG] [REI]  - FluidSupportProviderImpl
[15:41:23] [Server thread/DEBUG] [REI] Plugins (3):
[15:41:23] [Server thread/DEBUG] [REI]  - (-100.00) DefaultPlugin of DefaultPlugin [roughlyenoughitems]
[15:41:23] [Server thread/DEBUG] [REI]  - (0.00) FabricFluidAPISupportPlugin
[15:41:23] [Server thread/DEBUG] [REI]  - (0.00) DefaultRuntimePlugin of DefaultRuntimePlugin [roughlyenoughitems]
[15:41:23] [Server thread/DEBUG] [REI] ========================================
[15:41:23] [Server thread/TRACE] [REI] [REICommonPlugin END] Reloading Section: "post-register/"
[15:41:23] [Server thread/TRACE] [REI] [REICommonPlugin END] Reloading Section: "post-register/DefaultPlugin of DefaultPlugin [roughlyenoughitems]/"
[15:41:23] [Server thread/TRACE] [REI] [REICommonPlugin END] Reloading Section: "post-register/DefaultPlugin of DefaultPlugin [roughlyenoughitems]/" done in 44.25 μs
[15:41:23] [Server thread/TRACE] [REI] [REICommonPlugin END] Reloading Section: "post-register/FabricFluidAPISupportPlugin/"
[15:41:23] [Server thread/TRACE] [REI] [REICommonPlugin END] Reloading Section: "post-register/FabricFluidAPISupportPlugin/" done in 36.24 μs
[15:41:23] [Server thread/TRACE] [REI] [REICommonPlugin END] Reloading Section: "post-register/DefaultRuntimePlugin of DefaultRuntimePlugin [roughlyenoughitems]/"
[15:41:23] [Server thread/TRACE] [REI] [REICommonPlugin END] Reloading Section: "post-register/DefaultRuntimePlugin of DefaultRuntimePlugin [roughlyenoughitems]/" done in 34.86 μs
[15:41:23] [Server thread/TRACE] [REI] [REICommonPlugin END] Reloading Section: "post-register/" done in 373.6 μs
[15:41:23] [Server thread/TRACE] [REI] [REICommonPlugin END] Reloading Section: "post-stage/"
[15:41:23] [Server thread/TRACE] [REI] [REICommonPlugin END] Reloading Section: "post-stage/SlotAccessorRegistryImpl/"
[15:41:23] [Server thread/TRACE] [REI] [REICommonPlugin END] Reloading Section: "post-stage/SlotAccessorRegistryImpl/" done in 54.87 μs
[15:41:23] [Server thread/TRACE] [REI] [REICommonPlugin END] Reloading Section: "post-stage/EntryTypeRegistryImpl/"
[15:41:23] [Server thread/TRACE] [REI] [REICommonPlugin END] Reloading Section: "post-stage/EntryTypeRegistryImpl/" done in 33.68 μs
[15:41:23] [Server thread/TRACE] [REI] [REICommonPlugin END] Reloading Section: "post-stage/EntrySettingsAdapterRegistryImpl/"
[15:41:23] [Server thread/TRACE] [REI] [REICommonPlugin END] Reloading Section: "post-stage/EntrySettingsAdapterRegistryImpl/" done in 30.58 μs
[15:41:23] [Server thread/TRACE] [REI] [REICommonPlugin END] Reloading Section: "post-stage/ItemComparatorRegistryImpl/"
[15:41:23] [Server thread/TRACE] [REI] [REICommonPlugin END] Reloading Section: "post-stage/ItemComparatorRegistryImpl/" done in 29.74 μs
[15:41:23] [Server thread/TRACE] [REI] [REICommonPlugin END] Reloading Section: "post-stage/FluidComparatorRegistryImpl/"
[15:41:23] [Server thread/TRACE] [REI] [REICommonPlugin END] Reloading Section: "post-stage/FluidComparatorRegistryImpl/" done in 29.51 μs
[15:41:23] [Server thread/TRACE] [REI] [REICommonPlugin END] Reloading Section: "post-stage/DisplaySerializerRegistryImpl/"
[15:41:23] [Server thread/TRACE] [REI] [REICommonPlugin END] Reloading Section: "post-stage/DisplaySerializerRegistryImpl/" done in 29.60 μs
[15:41:23] [Server thread/TRACE] [REI] [REICommonPlugin END] Reloading Section: "post-stage/ServerDisplayRegistryImpl/"
[15:41:23] [Server thread/TRACE] [REI] [REICommonPlugin END] Reloading Section: "post-stage/ServerDisplayRegistryImpl/" done in 29.47 μs
[15:41:23] [Server thread/TRACE] [REI] [REICommonPlugin END] Reloading Section: "post-stage/FluidSupportProviderImpl/"
[15:41:23] [Server thread/TRACE] [REI] [REICommonPlugin END] Reloading Section: "post-stage/FluidSupportProviderImpl/" done in 29.20 μs
[15:41:23] [Server thread/TRACE] [REI] [REICommonPlugin END] Reloading Section: "post-stage/" done in 773.4 μs
[15:41:23] [Server thread/DEBUG] [REI] ========================================
[15:41:23] [Server thread/INFO] [REI] REICommonPlugin finished post-reload for END in 1.266 ms, totaling 142.0 ms.
[15:41:23] [Server thread/DEBUG] [REI] ========================================
[15:41:24] [Server thread/DEBUG] [REI] Updating players with new displays version 612807700000001 [from 612807700000000]
